{"/Users/utilisateur/Ecole/RpgBook/NAHB-BackEnd/src/controllers/adminController.ts": {"path":"/Users/utilisateur/Ecole/RpgBook/NAHB-BackEnd/src/controllers/adminController.ts","statementMap":{"0":{"start":{"line":2,"column":0},"end":{"line":2,"column":40}},"1":{"start":{"line":3,"column":0},"end":{"line":3,"column":42}},"2":{"start":{"line":4,"column":0},"end":{"line":4,"column":42}},"3":{"start":{"line":5,"column":0},"end":{"line":5,"column":52}},"4":{"start":{"line":6,"column":0},"end":{"line":6,"column":34}},"5":{"start":{"line":9,"column":28},"end":{"line":23,"column":1}},"6":{"start":{"line":11,"column":20},"end":{"line":11,"column":38}},"7":{"start":{"line":13,"column":4},"end":{"line":22,"column":5}},"8":{"start":{"line":14,"column":21},"end":{"line":14,"column":48}},"9":{"start":{"line":15,"column":8},"end":{"line":17,"column":9}},"10":{"start":{"line":16,"column":12},"end":{"line":16,"column":78}},"11":{"start":{"line":18,"column":8},"end":{"line":18,"column":15}},"12":{"start":{"line":20,"column":8},"end":{"line":20,"column":27}},"13":{"start":{"line":21,"column":8},"end":{"line":21,"column":58}},"14":{"start":{"line":9,"column":13},"end":{"line":9,"column":28}},"15":{"start":{"line":26,"column":27},"end":{"line":57,"column":1}},"16":{"start":{"line":27,"column":45},"end":{"line":27,"column":54}},"17":{"start":{"line":29,"column":4},"end":{"line":56,"column":5}},"18":{"start":{"line":30,"column":23},"end":{"line":30,"column":57}},"19":{"start":{"line":31,"column":27},"end":{"line":31,"column":29}},"20":{"start":{"line":33,"column":8},"end":{"line":35,"column":9}},"21":{"start":{"line":34,"column":12},"end":{"line":34,"column":54}},"22":{"start":{"line":37,"column":39},"end":{"line":42,"column":10}},"23":{"start":{"line":44,"column":8},"end":{"line":52,"column":11}},"24":{"start":{"line":54,"column":8},"end":{"line":54,"column":27}},"25":{"start":{"line":55,"column":8},"end":{"line":55,"column":58}},"26":{"start":{"line":26,"column":13},"end":{"line":26,"column":27}},"27":{"start":{"line":60,"column":29},"end":{"line":92,"column":1}},"28":{"start":{"line":61,"column":23},"end":{"line":61,"column":33}},"29":{"start":{"line":62,"column":23},"end":{"line":62,"column":31}},"30":{"start":{"line":64,"column":4},"end":{"line":91,"column":5}},"31":{"start":{"line":65,"column":21},"end":{"line":65,"column":48}},"32":{"start":{"line":66,"column":8},"end":{"line":68,"column":9}},"33":{"start":{"line":67,"column":12},"end":{"line":67,"column":71}},"34":{"start":{"line":71,"column":8},"end":{"line":73,"column":9}},"35":{"start":{"line":72,"column":12},"end":{"line":72,"column":76}},"36":{"start":{"line":76,"column":8},"end":{"line":76,"column":49}},"37":{"start":{"line":77,"column":8},"end":{"line":77,"column":26}},"38":{"start":{"line":80,"column":8},"end":{"line":85,"column":9}},"39":{"start":{"line":81,"column":12},"end":{"line":84,"column":14}},"40":{"start":{"line":87,"column":8},"end":{"line":87,"column":78}},"41":{"start":{"line":89,"column":8},"end":{"line":89,"column":27}},"42":{"start":{"line":90,"column":8},"end":{"line":90,"column":58}},"43":{"start":{"line":60,"column":13},"end":{"line":60,"column":29}},"44":{"start":{"line":95,"column":37},"end":{"line":113,"column":1}},"45":{"start":{"line":96,"column":24},"end":{"line":96,"column":34}},"46":{"start":{"line":97,"column":26},"end":{"line":97,"column":34}},"47":{"start":{"line":99,"column":4},"end":{"line":112,"column":5}},"48":{"start":{"line":100,"column":22},"end":{"line":100,"column":51}},"49":{"start":{"line":101,"column":8},"end":{"line":103,"column":9}},"50":{"start":{"line":102,"column":12},"end":{"line":102,"column":72}},"51":{"start":{"line":105,"column":8},"end":{"line":105,"column":57}},"52":{"start":{"line":106,"column":8},"end":{"line":106,"column":27}},"53":{"start":{"line":108,"column":8},"end":{"line":108,"column":90}},"54":{"start":{"line":110,"column":8},"end":{"line":110,"column":27}},"55":{"start":{"line":111,"column":8},"end":{"line":111,"column":58}},"56":{"start":{"line":95,"column":13},"end":{"line":95,"column":37}},"57":{"start":{"line":116,"column":29},"end":{"line":147,"column":1}},"58":{"start":{"line":117,"column":45},"end":{"line":117,"column":54}},"59":{"start":{"line":119,"column":4},"end":{"line":146,"column":5}},"60":{"start":{"line":120,"column":28},"end":{"line":120,"column":30}},"61":{"start":{"line":121,"column":8},"end":{"line":123,"column":9}},"62":{"start":{"line":122,"column":12},"end":{"line":122,"column":35}},"63":{"start":{"line":125,"column":21},"end":{"line":125,"column":55}},"64":{"start":{"line":127,"column":24},"end":{"line":130,"column":33}},"65":{"start":{"line":132,"column":22},"end":{"line":132,"column":57}},"66":{"start":{"line":134,"column":8},"end":{"line":142,"column":11}},"67":{"start":{"line":144,"column":8},"end":{"line":144,"column":27}},"68":{"start":{"line":145,"column":8},"end":{"line":145,"column":58}},"69":{"start":{"line":116,"column":13},"end":{"line":116,"column":29}},"70":{"start":{"line":150,"column":34},"end":{"line":181,"column":1}},"71":{"start":{"line":152,"column":21},"end":{"line":152,"column":39}},"72":{"start":{"line":153,"column":25},"end":{"line":153,"column":35}},"73":{"start":{"line":154,"column":35},"end":{"line":154,"column":43}},"74":{"start":{"line":156,"column":26},"end":{"line":156,"column":74}},"75":{"start":{"line":157,"column":4},"end":{"line":159,"column":5}},"76":{"start":{"line":158,"column":8},"end":{"line":158,"column":67}},"77":{"start":{"line":161,"column":4},"end":{"line":180,"column":5}},"78":{"start":{"line":162,"column":23},"end":{"line":169,"column":null}},"79":{"start":{"line":172,"column":8},"end":{"line":174,"column":9}},"80":{"start":{"line":173,"column":12},"end":{"line":173,"column":73}},"81":{"start":{"line":176,"column":8},"end":{"line":176,"column":25}},"82":{"start":{"line":178,"column":8},"end":{"line":178,"column":27}},"83":{"start":{"line":179,"column":8},"end":{"line":179,"column":58}},"84":{"start":{"line":150,"column":13},"end":{"line":150,"column":34}},"85":{"start":{"line":184,"column":32},"end":{"line":259,"column":1}},"86":{"start":{"line":185,"column":4},"end":{"line":258,"column":5}},"87":{"start":{"line":187,"column":27},"end":{"line":187,"column":45}},"88":{"start":{"line":188,"column":28},"end":{"line":191,"column":10}},"89":{"start":{"line":194,"column":29},"end":{"line":194,"column":57}},"90":{"start":{"line":195,"column":32},"end":{"line":197,"column":10}},"91":{"start":{"line":200,"column":30},"end":{"line":200,"column":64}},"92":{"start":{"line":201,"column":33},"end":{"line":203,"column":10}},"93":{"start":{"line":206,"column":27},"end":{"line":214,"column":10}},"94":{"start":{"line":217,"column":31},"end":{"line":217,"column":81}},"95":{"start":{"line":218,"column":29},"end":{"line":218,"column":58}},"96":{"start":{"line":221,"column":28},"end":{"line":229,"column":10}},"97":{"start":{"line":231,"column":8},"end":{"line":254,"column":11}},"98":{"start":{"line":256,"column":8},"end":{"line":256,"column":27}},"99":{"start":{"line":257,"column":8},"end":{"line":257,"column":58}},"100":{"start":{"line":184,"column":13},"end":{"line":184,"column":32}},"101":{"start":{"line":262,"column":29},"end":{"line":296,"column":1}},"102":{"start":{"line":263,"column":53},"end":{"line":263,"column":62}},"103":{"start":{"line":265,"column":4},"end":{"line":295,"column":5}},"104":{"start":{"line":266,"column":28},"end":{"line":266,"column":30}},"105":{"start":{"line":267,"column":8},"end":{"line":269,"column":9}},"106":{"start":{"line":268,"column":12},"end":{"line":268,"column":35}},"107":{"start":{"line":270,"column":8},"end":{"line":272,"column":9}},"108":{"start":{"line":271,"column":12},"end":{"line":271,"column":61}},"109":{"start":{"line":274,"column":21},"end":{"line":274,"column":55}},"110":{"start":{"line":276,"column":24},"end":{"line":279,"column":33}},"111":{"start":{"line":281,"column":22},"end":{"line":281,"column":56}},"112":{"start":{"line":283,"column":8},"end":{"line":291,"column":11}},"113":{"start":{"line":293,"column":8},"end":{"line":293,"column":27}},"114":{"start":{"line":294,"column":8},"end":{"line":294,"column":58}},"115":{"start":{"line":262,"column":13},"end":{"line":262,"column":29}}},"fnMap":{"0":{"name":"(anonymous_1)","decl":{"start":{"line":9,"column":28},"end":{"line":9,"column":33}},"loc":{"start":{"line":9,"column":77},"end":{"line":23,"column":1}}},"1":{"name":"(anonymous_2)","decl":{"start":{"line":26,"column":27},"end":{"line":26,"column":32}},"loc":{"start":{"line":26,"column":65},"end":{"line":57,"column":1}}},"2":{"name":"(anonymous_3)","decl":{"start":{"line":60,"column":29},"end":{"line":60,"column":34}},"loc":{"start":{"line":60,"column":67},"end":{"line":92,"column":1}}},"3":{"name":"(anonymous_4)","decl":{"start":{"line":95,"column":37},"end":{"line":95,"column":42}},"loc":{"start":{"line":95,"column":75},"end":{"line":113,"column":1}}},"4":{"name":"(anonymous_5)","decl":{"start":{"line":116,"column":29},"end":{"line":116,"column":34}},"loc":{"start":{"line":116,"column":67},"end":{"line":147,"column":1}}},"5":{"name":"(anonymous_6)","decl":{"start":{"line":150,"column":34},"end":{"line":150,"column":39}},"loc":{"start":{"line":150,"column":72},"end":{"line":181,"column":1}}},"6":{"name":"(anonymous_7)","decl":{"start":{"line":184,"column":32},"end":{"line":184,"column":37}},"loc":{"start":{"line":184,"column":70},"end":{"line":259,"column":1}}},"7":{"name":"(anonymous_8)","decl":{"start":{"line":262,"column":29},"end":{"line":262,"column":34}},"loc":{"start":{"line":262,"column":67},"end":{"line":296,"column":1}}}},"branchMap":{"0":{"loc":{"start":{"line":15,"column":8},"end":{"line":17,"column":9}},"type":"if","locations":[{"start":{"line":15,"column":8},"end":{"line":17,"column":9}}]},"1":{"loc":{"start":{"line":15,"column":12},"end":{"line":15,"column":42}},"type":"binary-expr","locations":[{"start":{"line":15,"column":12},"end":{"line":15,"column":17}},{"start":{"line":15,"column":21},"end":{"line":15,"column":42}}]},"2":{"loc":{"start":{"line":27,"column":12},"end":{"line":27,"column":20}},"type":"default-arg","locations":[{"start":{"line":27,"column":19},"end":{"line":27,"column":20}}]},"3":{"loc":{"start":{"line":27,"column":22},"end":{"line":27,"column":32}},"type":"default-arg","locations":[{"start":{"line":27,"column":30},"end":{"line":27,"column":32}}]},"4":{"loc":{"start":{"line":33,"column":8},"end":{"line":35,"column":9}},"type":"if","locations":[{"start":{"line":33,"column":8},"end":{"line":35,"column":9}}]},"5":{"loc":{"start":{"line":66,"column":8},"end":{"line":68,"column":9}},"type":"if","locations":[{"start":{"line":66,"column":8},"end":{"line":68,"column":9}}]},"6":{"loc":{"start":{"line":71,"column":8},"end":{"line":73,"column":9}},"type":"if","locations":[{"start":{"line":71,"column":8},"end":{"line":73,"column":9}}]},"7":{"loc":{"start":{"line":76,"column":20},"end":{"line":76,"column":48}},"type":"cond-expr","locations":[{"start":{"line":76,"column":29},"end":{"line":76,"column":37}},{"start":{"line":76,"column":40},"end":{"line":76,"column":48}}]},"8":{"loc":{"start":{"line":80,"column":8},"end":{"line":85,"column":9}},"type":"if","locations":[{"start":{"line":80,"column":8},"end":{"line":85,"column":9}}]},"9":{"loc":{"start":{"line":87,"column":28},"end":{"line":87,"column":68}},"type":"cond-expr","locations":[{"start":{"line":87,"column":37},"end":{"line":87,"column":50}},{"start":{"line":87,"column":53},"end":{"line":87,"column":68}}]},"10":{"loc":{"start":{"line":101,"column":8},"end":{"line":103,"column":9}},"type":"if","locations":[{"start":{"line":101,"column":8},"end":{"line":103,"column":9}}]},"11":{"loc":{"start":{"line":105,"column":23},"end":{"line":105,"column":56}},"type":"cond-expr","locations":[{"start":{"line":105,"column":35},"end":{"line":105,"column":46}},{"start":{"line":105,"column":49},"end":{"line":105,"column":56}}]},"12":{"loc":{"start":{"line":108,"column":28},"end":{"line":108,"column":79}},"type":"cond-expr","locations":[{"start":{"line":108,"column":40},"end":{"line":108,"column":57}},{"start":{"line":108,"column":60},"end":{"line":108,"column":79}}]},"13":{"loc":{"start":{"line":117,"column":20},"end":{"line":117,"column":28}},"type":"default-arg","locations":[{"start":{"line":117,"column":27},"end":{"line":117,"column":28}}]},"14":{"loc":{"start":{"line":117,"column":30},"end":{"line":117,"column":40}},"type":"default-arg","locations":[{"start":{"line":117,"column":38},"end":{"line":117,"column":40}}]},"15":{"loc":{"start":{"line":121,"column":8},"end":{"line":123,"column":9}},"type":"if","locations":[{"start":{"line":121,"column":8},"end":{"line":123,"column":9}}]},"16":{"loc":{"start":{"line":157,"column":4},"end":{"line":159,"column":5}},"type":"if","locations":[{"start":{"line":157,"column":4},"end":{"line":159,"column":5}}]},"17":{"loc":{"start":{"line":172,"column":8},"end":{"line":174,"column":9}},"type":"if","locations":[{"start":{"line":172,"column":8},"end":{"line":174,"column":9}}]},"18":{"loc":{"start":{"line":239,"column":28},"end":{"line":239,"column":58}},"type":"binary-expr","locations":[{"start":{"line":239,"column":28},"end":{"line":239,"column":53}},{"start":{"line":239,"column":57},"end":{"line":239,"column":58}}]},"19":{"loc":{"start":{"line":240,"column":34},"end":{"line":240,"column":70}},"type":"binary-expr","locations":[{"start":{"line":240,"column":34},"end":{"line":240,"column":65}},{"start":{"line":240,"column":69},"end":{"line":240,"column":70}}]},"20":{"loc":{"start":{"line":251,"column":37},"end":{"line":251,"column":71}},"type":"binary-expr","locations":[{"start":{"line":251,"column":37},"end":{"line":251,"column":66}},{"start":{"line":251,"column":70},"end":{"line":251,"column":71}}]},"21":{"loc":{"start":{"line":252,"column":23},"end":{"line":252,"column":56}},"type":"binary-expr","locations":[{"start":{"line":252,"column":23},"end":{"line":252,"column":51}},{"start":{"line":252,"column":55},"end":{"line":252,"column":56}}]},"22":{"loc":{"start":{"line":263,"column":20},"end":{"line":263,"column":28}},"type":"default-arg","locations":[{"start":{"line":263,"column":27},"end":{"line":263,"column":28}}]},"23":{"loc":{"start":{"line":263,"column":30},"end":{"line":263,"column":40}},"type":"default-arg","locations":[{"start":{"line":263,"column":38},"end":{"line":263,"column":40}}]},"24":{"loc":{"start":{"line":267,"column":8},"end":{"line":269,"column":9}},"type":"if","locations":[{"start":{"line":267,"column":8},"end":{"line":269,"column":9}}]},"25":{"loc":{"start":{"line":270,"column":8},"end":{"line":272,"column":9}},"type":"if","locations":[{"start":{"line":270,"column":8},"end":{"line":272,"column":9}}]}},"s":{"0":0,"1":0,"2":0,"3":0,"4":0,"5":0,"6":0,"7":0,"8":0,"9":0,"10":0,"11":0,"12":0,"13":0,"14":0,"15":0,"16":0,"17":0,"18":0,"19":0,"20":0,"21":0,"22":0,"23":0,"24":0,"25":0,"26":0,"27":0,"28":0,"29":0,"30":0,"31":0,"32":0,"33":0,"34":0,"35":0,"36":0,"37":0,"38":0,"39":0,"40":0,"41":0,"42":0,"43":0,"44":0,"45":0,"46":0,"47":0,"48":0,"49":0,"50":0,"51":0,"52":0,"53":0,"54":0,"55":0,"56":0,"57":0,"58":0,"59":0,"60":0,"61":0,"62":0,"63":0,"64":0,"65":0,"66":0,"67":0,"68":0,"69":0,"70":0,"71":0,"72":0,"73":0,"74":0,"75":0,"76":0,"77":0,"78":0,"79":0,"80":0,"81":0,"82":0,"83":0,"84":0,"85":0,"86":0,"87":0,"88":0,"89":0,"90":0,"91":0,"92":0,"93":0,"94":0,"95":0,"96":0,"97":0,"98":0,"99":0,"100":0,"101":0,"102":0,"103":0,"104":0,"105":0,"106":0,"107":0,"108":0,"109":0,"110":0,"111":0,"112":0,"113":0,"114":0,"115":0},"f":{"0":0,"1":0,"2":0,"3":0,"4":0,"5":0,"6":0,"7":0},"b":{"0":[0],"1":[0,0],"2":[0],"3":[0],"4":[0],"5":[0],"6":[0],"7":[0,0],"8":[0],"9":[0,0],"10":[0],"11":[0,0],"12":[0,0],"13":[0],"14":[0],"15":[0],"16":[0],"17":[0],"18":[0,0],"19":[0,0],"20":[0,0],"21":[0,0],"22":[0],"23":[0],"24":[0],"25":[0]}}
,"/Users/utilisateur/Ecole/RpgBook/NAHB-BackEnd/src/controllers/authController.ts": {"path":"/Users/utilisateur/Ecole/RpgBook/NAHB-BackEnd/src/controllers/authController.ts","statementMap":{"0":{"start":{"line":2,"column":0},"end":{"line":2,"column":30}},"1":{"start":{"line":3,"column":0},"end":{"line":3,"column":31}},"2":{"start":{"line":4,"column":0},"end":{"line":4,"column":34}},"3":{"start":{"line":5,"column":0},"end":{"line":5,"column":48}},"4":{"start":{"line":7,"column":24},"end":{"line":25,"column":1}},"5":{"start":{"line":8,"column":42},"end":{"line":8,"column":50}},"6":{"start":{"line":9,"column":4},"end":{"line":11,"column":5}},"7":{"start":{"line":10,"column":8},"end":{"line":10,"column":72}},"8":{"start":{"line":12,"column":4},"end":{"line":24,"column":5}},"9":{"start":{"line":13,"column":25},"end":{"line":13,"column":65}},"10":{"start":{"line":14,"column":8},"end":{"line":16,"column":9}},"11":{"start":{"line":15,"column":12},"end":{"line":15,"column":77}},"12":{"start":{"line":17,"column":21},"end":{"line":17,"column":52}},"13":{"start":{"line":18,"column":21},"end":{"line":18,"column":96}},"14":{"start":{"line":19,"column":22},"end":{"line":19,"column":97}},"15":{"start":{"line":20,"column":8},"end":{"line":20,"column":124}},"16":{"start":{"line":22,"column":8},"end":{"line":22,"column":27}},"17":{"start":{"line":23,"column":8},"end":{"line":23,"column":58}},"18":{"start":{"line":7,"column":13},"end":{"line":7,"column":24}},"19":{"start":{"line":27,"column":21},"end":{"line":43,"column":1}},"20":{"start":{"line":28,"column":32},"end":{"line":28,"column":40}},"21":{"start":{"line":29,"column":4},"end":{"line":31,"column":5}},"22":{"start":{"line":30,"column":8},"end":{"line":30,"column":80}},"23":{"start":{"line":32,"column":4},"end":{"line":42,"column":5}},"24":{"start":{"line":33,"column":21},"end":{"line":33,"column":61}},"25":{"start":{"line":34,"column":8},"end":{"line":34,"column":83}},"26":{"start":{"line":34,"column":19},"end":{"line":34,"column":83}},"27":{"start":{"line":35,"column":22},"end":{"line":35,"column":72}},"28":{"start":{"line":36,"column":8},"end":{"line":36,"column":84}},"29":{"start":{"line":36,"column":20},"end":{"line":36,"column":84}},"30":{"start":{"line":37,"column":22},"end":{"line":37,"column":97}},"31":{"start":{"line":38,"column":8},"end":{"line":38,"column":112}},"32":{"start":{"line":40,"column":8},"end":{"line":40,"column":27}},"33":{"start":{"line":41,"column":8},"end":{"line":41,"column":58}},"34":{"start":{"line":27,"column":13},"end":{"line":27,"column":21}},"35":{"start":{"line":45,"column":21},"end":{"line":51,"column":1}},"36":{"start":{"line":47,"column":20},"end":{"line":47,"column":38}},"37":{"start":{"line":48,"column":17},"end":{"line":48,"column":44}},"38":{"start":{"line":49,"column":4},"end":{"line":49,"column":74}},"39":{"start":{"line":49,"column":15},"end":{"line":49,"column":74}},"40":{"start":{"line":50,"column":4},"end":{"line":50,"column":91}},"41":{"start":{"line":45,"column":13},"end":{"line":45,"column":21}}},"fnMap":{"0":{"name":"(anonymous_1)","decl":{"start":{"line":7,"column":24},"end":{"line":7,"column":29}},"loc":{"start":{"line":7,"column":62},"end":{"line":25,"column":1}}},"1":{"name":"(anonymous_2)","decl":{"start":{"line":27,"column":21},"end":{"line":27,"column":26}},"loc":{"start":{"line":27,"column":59},"end":{"line":43,"column":1}}},"2":{"name":"(anonymous_3)","decl":{"start":{"line":45,"column":21},"end":{"line":45,"column":26}},"loc":{"start":{"line":45,"column":59},"end":{"line":51,"column":1}}}},"branchMap":{"0":{"loc":{"start":{"line":9,"column":4},"end":{"line":11,"column":5}},"type":"if","locations":[{"start":{"line":9,"column":4},"end":{"line":11,"column":5}}]},"1":{"loc":{"start":{"line":9,"column":8},"end":{"line":9,"column":40}},"type":"binary-expr","locations":[{"start":{"line":9,"column":8},"end":{"line":9,"column":17}},{"start":{"line":9,"column":21},"end":{"line":9,"column":27}},{"start":{"line":9,"column":31},"end":{"line":9,"column":40}}]},"2":{"loc":{"start":{"line":14,"column":8},"end":{"line":16,"column":9}},"type":"if","locations":[{"start":{"line":14,"column":8},"end":{"line":16,"column":9}}]},"3":{"loc":{"start":{"line":29,"column":4},"end":{"line":31,"column":5}},"type":"if","locations":[{"start":{"line":29,"column":4},"end":{"line":31,"column":5}}]},"4":{"loc":{"start":{"line":29,"column":8},"end":{"line":29,"column":27}},"type":"binary-expr","locations":[{"start":{"line":29,"column":8},"end":{"line":29,"column":14}},{"start":{"line":29,"column":18},"end":{"line":29,"column":27}}]},"5":{"loc":{"start":{"line":34,"column":8},"end":{"line":34,"column":83}},"type":"if","locations":[{"start":{"line":34,"column":8},"end":{"line":34,"column":83}}]},"6":{"loc":{"start":{"line":36,"column":8},"end":{"line":36,"column":84}},"type":"if","locations":[{"start":{"line":36,"column":8},"end":{"line":36,"column":84}}]},"7":{"loc":{"start":{"line":49,"column":4},"end":{"line":49,"column":74}},"type":"if","locations":[{"start":{"line":49,"column":4},"end":{"line":49,"column":74}}]}},"s":{"0":0,"1":0,"2":0,"3":0,"4":0,"5":0,"6":0,"7":0,"8":0,"9":0,"10":0,"11":0,"12":0,"13":0,"14":0,"15":0,"16":0,"17":0,"18":0,"19":0,"20":0,"21":0,"22":0,"23":0,"24":0,"25":0,"26":0,"27":0,"28":0,"29":0,"30":0,"31":0,"32":0,"33":0,"34":0,"35":0,"36":0,"37":0,"38":0,"39":0,"40":0,"41":0},"f":{"0":0,"1":0,"2":0},"b":{"0":[0],"1":[0,0,0],"2":[0],"3":[0],"4":[0,0],"5":[0],"6":[0],"7":[0]}}
,"/Users/utilisateur/Ecole/RpgBook/NAHB-BackEnd/src/controllers/gameController.ts": {"path":"/Users/utilisateur/Ecole/RpgBook/NAHB-BackEnd/src/controllers/gameController.ts","statementMap":{"0":{"start":{"line":2,"column":0},"end":{"line":2,"column":52}},"1":{"start":{"line":3,"column":0},"end":{"line":3,"column":40}},"2":{"start":{"line":4,"column":0},"end":{"line":4,"column":38}},"3":{"start":{"line":9,"column":25},"end":{"line":51,"column":1}},"4":{"start":{"line":11,"column":20},"end":{"line":11,"column":38}},"5":{"start":{"line":12,"column":33},"end":{"line":12,"column":41}},"6":{"start":{"line":13,"column":4},"end":{"line":50,"column":5}},"7":{"start":{"line":14,"column":22},"end":{"line":14,"column":51}},"8":{"start":{"line":15,"column":8},"end":{"line":15,"column":80}},"9":{"start":{"line":15,"column":20},"end":{"line":15,"column":80}},"10":{"start":{"line":16,"column":8},"end":{"line":16,"column":100}},"11":{"start":{"line":16,"column":32},"end":{"line":16,"column":100}},"12":{"start":{"line":19,"column":26},"end":{"line":19,"column":42}},"13":{"start":{"line":20,"column":8},"end":{"line":29,"column":9}},"14":{"start":{"line":21,"column":12},"end":{"line":23,"column":13}},"15":{"start":{"line":22,"column":16},"end":{"line":22,"column":99}},"16":{"start":{"line":26,"column":12},"end":{"line":28,"column":13}},"17":{"start":{"line":27,"column":16},"end":{"line":27,"column":83}},"18":{"start":{"line":31,"column":24},"end":{"line":38,"column":10}},"19":{"start":{"line":41,"column":8},"end":{"line":44,"column":9}},"20":{"start":{"line":42,"column":12},"end":{"line":42,"column":35}},"21":{"start":{"line":43,"column":12},"end":{"line":43,"column":31}},"22":{"start":{"line":46,"column":8},"end":{"line":46,"column":38}},"23":{"start":{"line":48,"column":8},"end":{"line":48,"column":27}},"24":{"start":{"line":49,"column":8},"end":{"line":49,"column":58}},"25":{"start":{"line":9,"column":13},"end":{"line":9,"column":25}},"26":{"start":{"line":54,"column":26},"end":{"line":95,"column":1}},"27":{"start":{"line":56,"column":20},"end":{"line":56,"column":38}},"28":{"start":{"line":57,"column":39},"end":{"line":57,"column":47}},"29":{"start":{"line":58,"column":4},"end":{"line":94,"column":5}},"30":{"start":{"line":59,"column":24},"end":{"line":59,"column":61}},"31":{"start":{"line":60,"column":8},"end":{"line":60,"column":84}},"32":{"start":{"line":60,"column":22},"end":{"line":60,"column":84}},"33":{"start":{"line":61,"column":8},"end":{"line":63,"column":9}},"34":{"start":{"line":62,"column":12},"end":{"line":62,"column":73}},"35":{"start":{"line":64,"column":21},"end":{"line":64,"column":63}},"36":{"start":{"line":65,"column":8},"end":{"line":65,"column":86}},"37":{"start":{"line":65,"column":19},"end":{"line":65,"column":86}},"38":{"start":{"line":66,"column":8},"end":{"line":68,"column":9}},"39":{"start":{"line":67,"column":12},"end":{"line":67,"column":77}},"40":{"start":{"line":69,"column":27},"end":{"line":69,"column":65}},"41":{"start":{"line":71,"column":8},"end":{"line":71,"column":52}},"42":{"start":{"line":72,"column":8},"end":{"line":72,"column":43}},"43":{"start":{"line":74,"column":25},"end":{"line":74,"column":56}},"44":{"start":{"line":75,"column":8},"end":{"line":88,"column":9}},"45":{"start":{"line":76,"column":12},"end":{"line":76,"column":41}},"46":{"start":{"line":79,"column":12},"end":{"line":87,"column":13}},"47":{"start":{"line":80,"column":30},"end":{"line":80,"column":67}},"48":{"start":{"line":81,"column":16},"end":{"line":86,"column":17}},"49":{"start":{"line":82,"column":20},"end":{"line":82,"column":49}},"50":{"start":{"line":83,"column":38},"end":{"line":83,"column":70}},"51":{"start":{"line":84,"column":20},"end":{"line":84,"column":95}},"52":{"start":{"line":85,"column":20},"end":{"line":85,"column":39}},"53":{"start":{"line":89,"column":8},"end":{"line":89,"column":29}},"54":{"start":{"line":90,"column":8},"end":{"line":90,"column":26}},"55":{"start":{"line":92,"column":8},"end":{"line":92,"column":27}},"56":{"start":{"line":93,"column":8},"end":{"line":93,"column":58}},"57":{"start":{"line":54,"column":13},"end":{"line":54,"column":26}},"58":{"start":{"line":97,"column":27},"end":{"line":107,"column":1}},"59":{"start":{"line":99,"column":20},"end":{"line":99,"column":38}},"60":{"start":{"line":100,"column":4},"end":{"line":106,"column":5}},"61":{"start":{"line":101,"column":25},"end":{"line":101,"column":78}},"62":{"start":{"line":102,"column":8},"end":{"line":102,"column":27}},"63":{"start":{"line":104,"column":8},"end":{"line":104,"column":27}},"64":{"start":{"line":105,"column":8},"end":{"line":105,"column":58}},"65":{"start":{"line":97,"column":13},"end":{"line":97,"column":27}},"66":{"start":{"line":109,"column":26},"end":{"line":124,"column":1}},"67":{"start":{"line":110,"column":19},"end":{"line":110,"column":29}},"68":{"start":{"line":112,"column":20},"end":{"line":112,"column":38}},"69":{"start":{"line":113,"column":4},"end":{"line":123,"column":5}},"70":{"start":{"line":114,"column":24},"end":{"line":114,"column":54}},"71":{"start":{"line":115,"column":8},"end":{"line":115,"column":84}},"72":{"start":{"line":115,"column":22},"end":{"line":115,"column":84}},"73":{"start":{"line":116,"column":8},"end":{"line":118,"column":9}},"74":{"start":{"line":117,"column":12},"end":{"line":117,"column":73}},"75":{"start":{"line":119,"column":8},"end":{"line":119,"column":26}},"76":{"start":{"line":121,"column":8},"end":{"line":121,"column":27}},"77":{"start":{"line":122,"column":8},"end":{"line":122,"column":58}},"78":{"start":{"line":109,"column":13},"end":{"line":109,"column":26}},"79":{"start":{"line":127,"column":28},"end":{"line":211,"column":1}},"80":{"start":{"line":128,"column":26},"end":{"line":128,"column":36}},"81":{"start":{"line":130,"column":20},"end":{"line":130,"column":38}},"82":{"start":{"line":132,"column":4},"end":{"line":210,"column":5}},"83":{"start":{"line":133,"column":24},"end":{"line":133,"column":61}},"84":{"start":{"line":134,"column":8},"end":{"line":134,"column":84}},"85":{"start":{"line":134,"column":22},"end":{"line":134,"column":84}},"86":{"start":{"line":135,"column":8},"end":{"line":137,"column":9}},"87":{"start":{"line":136,"column":12},"end":{"line":136,"column":73}},"88":{"start":{"line":140,"column":25},"end":{"line":140,"column":68}},"89":{"start":{"line":141,"column":27},"end":{"line":141,"column":46}},"90":{"start":{"line":144,"column":28},"end":{"line":148,"column":10}},"91":{"start":{"line":150,"column":39},"end":{"line":150,"column":57}},"92":{"start":{"line":153,"column":28},"end":{"line":153,"column":29}},"93":{"start":{"line":154,"column":8},"end":{"line":159,"column":9}},"94":{"start":{"line":155,"column":26},"end":{"line":155,"column":68}},"95":{"start":{"line":156,"column":12},"end":{"line":158,"column":13}},"96":{"start":{"line":157,"column":16},"end":{"line":157,"column":32}},"97":{"start":{"line":162,"column":35},"end":{"line":164,"column":15}},"98":{"start":{"line":167,"column":90},"end":{"line":167,"column":92}},"99":{"start":{"line":168,"column":53},"end":{"line":168,"column":55}},"100":{"start":{"line":170,"column":8},"end":{"line":176,"column":9}},"101":{"start":{"line":171,"column":31},"end":{"line":171,"column":67}},"102":{"start":{"line":172,"column":12},"end":{"line":175,"column":13}},"103":{"start":{"line":173,"column":35},"end":{"line":173,"column":69}},"104":{"start":{"line":174,"column":16},"end":{"line":174,"column":79}},"105":{"start":{"line":178,"column":8},"end":{"line":183,"column":9}},"106":{"start":{"line":179,"column":12},"end":{"line":182,"column":14}},"107":{"start":{"line":186,"column":34},"end":{"line":186,"column":76}},"108":{"start":{"line":187,"column":30},"end":{"line":192,"column":18}},"109":{"start":{"line":194,"column":8},"end":{"line":206,"column":11}},"110":{"start":{"line":208,"column":8},"end":{"line":208,"column":27}},"111":{"start":{"line":209,"column":8},"end":{"line":209,"column":58}},"112":{"start":{"line":127,"column":13},"end":{"line":127,"column":28}},"113":{"start":{"line":214,"column":29},"end":{"line":273,"column":1}},"114":{"start":{"line":215,"column":24},"end":{"line":215,"column":34}},"115":{"start":{"line":217,"column":20},"end":{"line":217,"column":38}},"116":{"start":{"line":219,"column":4},"end":{"line":272,"column":5}},"117":{"start":{"line":220,"column":22},"end":{"line":220,"column":51}},"118":{"start":{"line":221,"column":8},"end":{"line":221,"column":80}},"119":{"start":{"line":221,"column":20},"end":{"line":221,"column":80}},"120":{"start":{"line":224,"column":8},"end":{"line":226,"column":9}},"121":{"start":{"line":225,"column":12},"end":{"line":225,"column":71}},"122":{"start":{"line":229,"column":28},"end":{"line":232,"column":10}},"123":{"start":{"line":234,"column":34},"end":{"line":234,"column":83}},"124":{"start":{"line":234,"column":58},"end":{"line":234,"column":82}},"125":{"start":{"line":235,"column":34},"end":{"line":235,"column":83}},"126":{"start":{"line":235,"column":58},"end":{"line":235,"column":82}},"127":{"start":{"line":236,"column":35},"end":{"line":236,"column":86}},"128":{"start":{"line":236,"column":59},"end":{"line":236,"column":85}},"129":{"start":{"line":239,"column":30},"end":{"line":241,"column":15}},"130":{"start":{"line":240,"column":51},"end":{"line":240,"column":77}},"131":{"start":{"line":244,"column":59},"end":{"line":244,"column":61}},"132":{"start":{"line":245,"column":8},"end":{"line":251,"column":9}},"133":{"start":{"line":246,"column":31},"end":{"line":246,"column":67}},"134":{"start":{"line":247,"column":12},"end":{"line":250,"column":13}},"135":{"start":{"line":248,"column":35},"end":{"line":248,"column":69}},"136":{"start":{"line":249,"column":16},"end":{"line":249,"column":91}},"137":{"start":{"line":254,"column":31},"end":{"line":256,"column":15}},"138":{"start":{"line":258,"column":8},"end":{"line":268,"column":11}},"139":{"start":{"line":270,"column":8},"end":{"line":270,"column":27}},"140":{"start":{"line":271,"column":8},"end":{"line":271,"column":58}},"141":{"start":{"line":214,"column":13},"end":{"line":214,"column":29}}},"fnMap":{"0":{"name":"(anonymous_0)","decl":{"start":{"line":9,"column":25},"end":{"line":9,"column":30}},"loc":{"start":{"line":9,"column":63},"end":{"line":51,"column":1}}},"1":{"name":"(anonymous_1)","decl":{"start":{"line":54,"column":26},"end":{"line":54,"column":31}},"loc":{"start":{"line":54,"column":64},"end":{"line":95,"column":1}}},"2":{"name":"(anonymous_2)","decl":{"start":{"line":97,"column":27},"end":{"line":97,"column":32}},"loc":{"start":{"line":97,"column":65},"end":{"line":107,"column":1}}},"3":{"name":"(anonymous_3)","decl":{"start":{"line":109,"column":26},"end":{"line":109,"column":31}},"loc":{"start":{"line":109,"column":64},"end":{"line":124,"column":1}}},"4":{"name":"(anonymous_4)","decl":{"start":{"line":127,"column":28},"end":{"line":127,"column":33}},"loc":{"start":{"line":127,"column":66},"end":{"line":211,"column":1}}},"5":{"name":"(anonymous_5)","decl":{"start":{"line":214,"column":29},"end":{"line":214,"column":34}},"loc":{"start":{"line":214,"column":67},"end":{"line":273,"column":1}}},"6":{"name":"(anonymous_6)","decl":{"start":{"line":234,"column":53},"end":{"line":234,"column":54}},"loc":{"start":{"line":234,"column":58},"end":{"line":234,"column":82}}},"7":{"name":"(anonymous_7)","decl":{"start":{"line":235,"column":53},"end":{"line":235,"column":54}},"loc":{"start":{"line":235,"column":58},"end":{"line":235,"column":82}}},"8":{"name":"(anonymous_8)","decl":{"start":{"line":236,"column":54},"end":{"line":236,"column":55}},"loc":{"start":{"line":236,"column":59},"end":{"line":236,"column":85}}},"9":{"name":"(anonymous_9)","decl":{"start":{"line":240,"column":39},"end":{"line":240,"column":40}},"loc":{"start":{"line":240,"column":51},"end":{"line":240,"column":77}}}},"branchMap":{"0":{"loc":{"start":{"line":15,"column":8},"end":{"line":15,"column":80}},"type":"if","locations":[{"start":{"line":15,"column":8},"end":{"line":15,"column":80}}]},"1":{"loc":{"start":{"line":16,"column":8},"end":{"line":16,"column":100}},"type":"if","locations":[{"start":{"line":16,"column":8},"end":{"line":16,"column":100}}]},"2":{"loc":{"start":{"line":20,"column":8},"end":{"line":29,"column":9}},"type":"if","locations":[{"start":{"line":20,"column":8},"end":{"line":29,"column":9}},{"start":{"line":24,"column":15},"end":{"line":29,"column":9}}]},"3":{"loc":{"start":{"line":21,"column":12},"end":{"line":23,"column":13}},"type":"if","locations":[{"start":{"line":21,"column":12},"end":{"line":23,"column":13}}]},"4":{"loc":{"start":{"line":26,"column":12},"end":{"line":28,"column":13}},"type":"if","locations":[{"start":{"line":26,"column":12},"end":{"line":28,"column":13}}]},"5":{"loc":{"start":{"line":41,"column":8},"end":{"line":44,"column":9}},"type":"if","locations":[{"start":{"line":41,"column":8},"end":{"line":44,"column":9}}]},"6":{"loc":{"start":{"line":60,"column":8},"end":{"line":60,"column":84}},"type":"if","locations":[{"start":{"line":60,"column":8},"end":{"line":60,"column":84}}]},"7":{"loc":{"start":{"line":61,"column":8},"end":{"line":63,"column":9}},"type":"if","locations":[{"start":{"line":61,"column":8},"end":{"line":63,"column":9}}]},"8":{"loc":{"start":{"line":65,"column":8},"end":{"line":65,"column":86}},"type":"if","locations":[{"start":{"line":65,"column":8},"end":{"line":65,"column":86}}]},"9":{"loc":{"start":{"line":66,"column":8},"end":{"line":68,"column":9}},"type":"if","locations":[{"start":{"line":66,"column":8},"end":{"line":68,"column":9}}]},"10":{"loc":{"start":{"line":66,"column":12},"end":{"line":66,"column":65}},"type":"binary-expr","locations":[{"start":{"line":66,"column":12},"end":{"line":66,"column":27}},{"start":{"line":66,"column":31},"end":{"line":66,"column":65}}]},"11":{"loc":{"start":{"line":75,"column":8},"end":{"line":88,"column":9}},"type":"if","locations":[{"start":{"line":75,"column":8},"end":{"line":88,"column":9}}]},"12":{"loc":{"start":{"line":75,"column":12},"end":{"line":75,"column":41}},"type":"binary-expr","locations":[{"start":{"line":75,"column":12},"end":{"line":75,"column":20}},{"start":{"line":75,"column":24},"end":{"line":75,"column":41}}]},"13":{"loc":{"start":{"line":79,"column":12},"end":{"line":87,"column":13}},"type":"if","locations":[{"start":{"line":79,"column":12},"end":{"line":87,"column":13}}]},"14":{"loc":{"start":{"line":81,"column":16},"end":{"line":86,"column":17}},"type":"if","locations":[{"start":{"line":81,"column":16},"end":{"line":86,"column":17}}]},"15":{"loc":{"start":{"line":83,"column":38},"end":{"line":83,"column":70}},"type":"binary-expr","locations":[{"start":{"line":83,"column":38},"end":{"line":83,"column":57}},{"start":{"line":83,"column":61},"end":{"line":83,"column":70}}]},"16":{"loc":{"start":{"line":84,"column":54},"end":{"line":84,"column":89}},"type":"binary-expr","locations":[{"start":{"line":84,"column":54},"end":{"line":84,"column":84}},{"start":{"line":84,"column":88},"end":{"line":84,"column":89}}]},"17":{"loc":{"start":{"line":115,"column":8},"end":{"line":115,"column":84}},"type":"if","locations":[{"start":{"line":115,"column":8},"end":{"line":115,"column":84}}]},"18":{"loc":{"start":{"line":116,"column":8},"end":{"line":118,"column":9}},"type":"if","locations":[{"start":{"line":116,"column":8},"end":{"line":118,"column":9}}]},"19":{"loc":{"start":{"line":134,"column":8},"end":{"line":134,"column":84}},"type":"if","locations":[{"start":{"line":134,"column":8},"end":{"line":134,"column":84}}]},"20":{"loc":{"start":{"line":135,"column":8},"end":{"line":137,"column":9}},"type":"if","locations":[{"start":{"line":135,"column":8},"end":{"line":137,"column":9}}]},"21":{"loc":{"start":{"line":156,"column":12},"end":{"line":158,"column":13}},"type":"if","locations":[{"start":{"line":156,"column":12},"end":{"line":158,"column":13}}]},"22":{"loc":{"start":{"line":162,"column":35},"end":{"line":164,"column":15}},"type":"cond-expr","locations":[{"start":{"line":163,"column":14},"end":{"line":163,"column":72}},{"start":{"line":164,"column":14},"end":{"line":164,"column":15}}]},"23":{"loc":{"start":{"line":172,"column":12},"end":{"line":175,"column":13}},"type":"if","locations":[{"start":{"line":172,"column":12},"end":{"line":175,"column":13}}]},"24":{"loc":{"start":{"line":172,"column":16},"end":{"line":172,"column":49}},"type":"binary-expr","locations":[{"start":{"line":172,"column":16},"end":{"line":172,"column":26}},{"start":{"line":172,"column":30},"end":{"line":172,"column":49}}]},"25":{"loc":{"start":{"line":173,"column":35},"end":{"line":173,"column":69}},"type":"binary-expr","locations":[{"start":{"line":173,"column":35},"end":{"line":173,"column":56}},{"start":{"line":173,"column":60},"end":{"line":173,"column":69}}]},"26":{"loc":{"start":{"line":174,"column":44},"end":{"line":174,"column":73}},"type":"binary-expr","locations":[{"start":{"line":174,"column":44},"end":{"line":174,"column":68}},{"start":{"line":174,"column":72},"end":{"line":174,"column":73}}]},"27":{"loc":{"start":{"line":187,"column":30},"end":{"line":192,"column":18}},"type":"cond-expr","locations":[{"start":{"line":188,"column":14},"end":{"line":191,"column":null}},{"start":{"line":192,"column":14},"end":{"line":192,"column":18}}]},"28":{"loc":{"start":{"line":189,"column":22},"end":{"line":189,"column":63}},"type":"binary-expr","locations":[{"start":{"line":189,"column":22},"end":{"line":189,"column":50}},{"start":{"line":189,"column":54},"end":{"line":189,"column":63}}]},"29":{"loc":{"start":{"line":190,"column":37},"end":{"line":190,"column":115}},"type":"binary-expr","locations":[{"start":{"line":190,"column":37},"end":{"line":190,"column":110}},{"start":{"line":190,"column":114},"end":{"line":190,"column":115}}]},"30":{"loc":{"start":{"line":190,"column":56},"end":{"line":190,"column":97}},"type":"binary-expr","locations":[{"start":{"line":190,"column":56},"end":{"line":190,"column":84}},{"start":{"line":190,"column":88},"end":{"line":190,"column":97}}]},"31":{"loc":{"start":{"line":221,"column":8},"end":{"line":221,"column":80}},"type":"if","locations":[{"start":{"line":221,"column":8},"end":{"line":221,"column":80}}]},"32":{"loc":{"start":{"line":224,"column":8},"end":{"line":226,"column":9}},"type":"if","locations":[{"start":{"line":224,"column":8},"end":{"line":226,"column":9}}]},"33":{"loc":{"start":{"line":239,"column":30},"end":{"line":241,"column":15}},"type":"cond-expr","locations":[{"start":{"line":240,"column":14},"end":{"line":240,"column":108}},{"start":{"line":241,"column":14},"end":{"line":241,"column":15}}]},"34":{"loc":{"start":{"line":247,"column":12},"end":{"line":250,"column":13}},"type":"if","locations":[{"start":{"line":247,"column":12},"end":{"line":250,"column":13}}]},"35":{"loc":{"start":{"line":247,"column":16},"end":{"line":247,"column":49}},"type":"binary-expr","locations":[{"start":{"line":247,"column":16},"end":{"line":247,"column":26}},{"start":{"line":247,"column":30},"end":{"line":247,"column":49}}]},"36":{"loc":{"start":{"line":248,"column":35},"end":{"line":248,"column":69}},"type":"binary-expr","locations":[{"start":{"line":248,"column":35},"end":{"line":248,"column":56}},{"start":{"line":248,"column":60},"end":{"line":248,"column":69}}]},"37":{"loc":{"start":{"line":249,"column":50},"end":{"line":249,"column":85}},"type":"binary-expr","locations":[{"start":{"line":249,"column":50},"end":{"line":249,"column":80}},{"start":{"line":249,"column":84},"end":{"line":249,"column":85}}]},"38":{"loc":{"start":{"line":254,"column":31},"end":{"line":256,"column":15}},"type":"cond-expr","locations":[{"start":{"line":255,"column":14},"end":{"line":255,"column":79}},{"start":{"line":256,"column":14},"end":{"line":256,"column":15}}]}},"s":{"0":0,"1":0,"2":0,"3":0,"4":0,"5":0,"6":0,"7":0,"8":0,"9":0,"10":0,"11":0,"12":0,"13":0,"14":0,"15":0,"16":0,"17":0,"18":0,"19":0,"20":0,"21":0,"22":0,"23":0,"24":0,"25":0,"26":0,"27":0,"28":0,"29":0,"30":0,"31":0,"32":0,"33":0,"34":0,"35":0,"36":0,"37":0,"38":0,"39":0,"40":0,"41":0,"42":0,"43":0,"44":0,"45":0,"46":0,"47":0,"48":0,"49":0,"50":0,"51":0,"52":0,"53":0,"54":0,"55":0,"56":0,"57":0,"58":0,"59":0,"60":0,"61":0,"62":0,"63":0,"64":0,"65":0,"66":0,"67":0,"68":0,"69":0,"70":0,"71":0,"72":0,"73":0,"74":0,"75":0,"76":0,"77":0,"78":0,"79":0,"80":0,"81":0,"82":0,"83":0,"84":0,"85":0,"86":0,"87":0,"88":0,"89":0,"90":0,"91":0,"92":0,"93":0,"94":0,"95":0,"96":0,"97":0,"98":0,"99":0,"100":0,"101":0,"102":0,"103":0,"104":0,"105":0,"106":0,"107":0,"108":0,"109":0,"110":0,"111":0,"112":0,"113":0,"114":0,"115":0,"116":0,"117":0,"118":0,"119":0,"120":0,"121":0,"122":0,"123":0,"124":0,"125":0,"126":0,"127":0,"128":0,"129":0,"130":0,"131":0,"132":0,"133":0,"134":0,"135":0,"136":0,"137":0,"138":0,"139":0,"140":0,"141":0},"f":{"0":0,"1":0,"2":0,"3":0,"4":0,"5":0,"6":0,"7":0,"8":0,"9":0},"b":{"0":[0],"1":[0],"2":[0,0],"3":[0],"4":[0],"5":[0],"6":[0],"7":[0],"8":[0],"9":[0],"10":[0,0],"11":[0],"12":[0,0],"13":[0],"14":[0],"15":[0,0],"16":[0,0],"17":[0],"18":[0],"19":[0],"20":[0],"21":[0],"22":[0,0],"23":[0],"24":[0,0],"25":[0,0],"26":[0,0],"27":[0,0],"28":[0,0],"29":[0,0],"30":[0,0],"31":[0],"32":[0],"33":[0,0],"34":[0],"35":[0,0],"36":[0,0],"37":[0,0],"38":[0,0]}}
,"/Users/utilisateur/Ecole/RpgBook/NAHB-BackEnd/src/controllers/pageController.ts": {"path":"/Users/utilisateur/Ecole/RpgBook/NAHB-BackEnd/src/controllers/pageController.ts","statementMap":{"0":{"start":{"line":2,"column":0},"end":{"line":2,"column":45}},"1":{"start":{"line":3,"column":0},"end":{"line":3,"column":40}},"2":{"start":{"line":4,"column":0},"end":{"line":4,"column":34}},"3":{"start":{"line":7,"column":17},"end":{"line":10,"column":1}},"4":{"start":{"line":8,"column":17},"end":{"line":8,"column":44}},"5":{"start":{"line":9,"column":4},"end":{"line":9,"column":51}},"6":{"start":{"line":12,"column":26},"end":{"line":35,"column":1}},"7":{"start":{"line":14,"column":20},"end":{"line":14,"column":38}},"8":{"start":{"line":15,"column":71},"end":{"line":15,"column":79}},"9":{"start":{"line":16,"column":4},"end":{"line":34,"column":5}},"10":{"start":{"line":17,"column":22},"end":{"line":17,"column":51}},"11":{"start":{"line":18,"column":8},"end":{"line":18,"column":80}},"12":{"start":{"line":18,"column":20},"end":{"line":18,"column":80}},"13":{"start":{"line":19,"column":8},"end":{"line":21,"column":9}},"14":{"start":{"line":20,"column":12},"end":{"line":20,"column":71}},"15":{"start":{"line":22,"column":21},"end":{"line":29,"column":19}},"16":{"start":{"line":30,"column":8},"end":{"line":30,"column":35}},"17":{"start":{"line":32,"column":8},"end":{"line":32,"column":27}},"18":{"start":{"line":33,"column":8},"end":{"line":33,"column":58}},"19":{"start":{"line":12,"column":13},"end":{"line":12,"column":26}},"20":{"start":{"line":37,"column":31},"end":{"line":46,"column":1}},"21":{"start":{"line":38,"column":24},"end":{"line":38,"column":34}},"22":{"start":{"line":39,"column":4},"end":{"line":45,"column":5}},"23":{"start":{"line":40,"column":22},"end":{"line":40,"column":50}},"24":{"start":{"line":41,"column":8},"end":{"line":41,"column":24}},"25":{"start":{"line":43,"column":8},"end":{"line":43,"column":27}},"26":{"start":{"line":44,"column":8},"end":{"line":44,"column":58}},"27":{"start":{"line":37,"column":13},"end":{"line":37,"column":31}},"28":{"start":{"line":48,"column":23},"end":{"line":58,"column":1}},"29":{"start":{"line":49,"column":19},"end":{"line":49,"column":29}},"30":{"start":{"line":50,"column":4},"end":{"line":57,"column":5}},"31":{"start":{"line":51,"column":21},"end":{"line":51,"column":44}},"32":{"start":{"line":52,"column":8},"end":{"line":52,"column":78}},"33":{"start":{"line":52,"column":19},"end":{"line":52,"column":78}},"34":{"start":{"line":53,"column":8},"end":{"line":53,"column":23}},"35":{"start":{"line":55,"column":8},"end":{"line":55,"column":27}},"36":{"start":{"line":56,"column":8},"end":{"line":56,"column":58}},"37":{"start":{"line":48,"column":13},"end":{"line":48,"column":23}},"38":{"start":{"line":60,"column":26},"end":{"line":84,"column":1}},"39":{"start":{"line":62,"column":20},"end":{"line":62,"column":38}},"40":{"start":{"line":63,"column":19},"end":{"line":63,"column":29}},"41":{"start":{"line":64,"column":62},"end":{"line":64,"column":70}},"42":{"start":{"line":65,"column":4},"end":{"line":83,"column":5}},"43":{"start":{"line":66,"column":21},"end":{"line":66,"column":44}},"44":{"start":{"line":67,"column":8},"end":{"line":67,"column":78}},"45":{"start":{"line":67,"column":19},"end":{"line":67,"column":78}},"46":{"start":{"line":68,"column":22},"end":{"line":68,"column":56}},"47":{"start":{"line":69,"column":8},"end":{"line":69,"column":87}},"48":{"start":{"line":69,"column":20},"end":{"line":69,"column":87}},"49":{"start":{"line":70,"column":8},"end":{"line":72,"column":9}},"50":{"start":{"line":71,"column":12},"end":{"line":71,"column":71}},"51":{"start":{"line":73,"column":8},"end":{"line":73,"column":58}},"52":{"start":{"line":73,"column":35},"end":{"line":73,"column":58}},"53":{"start":{"line":74,"column":8},"end":{"line":74,"column":52}},"54":{"start":{"line":74,"column":33},"end":{"line":74,"column":52}},"55":{"start":{"line":75,"column":8},"end":{"line":75,"column":63}},"56":{"start":{"line":75,"column":36},"end":{"line":75,"column":63}},"57":{"start":{"line":76,"column":8},"end":{"line":76,"column":67}},"58":{"start":{"line":76,"column":38},"end":{"line":76,"column":67}},"59":{"start":{"line":77,"column":8},"end":{"line":77,"column":58}},"60":{"start":{"line":77,"column":35},"end":{"line":77,"column":58}},"61":{"start":{"line":78,"column":8},"end":{"line":78,"column":26}},"62":{"start":{"line":79,"column":8},"end":{"line":79,"column":23}},"63":{"start":{"line":81,"column":8},"end":{"line":81,"column":27}},"64":{"start":{"line":82,"column":8},"end":{"line":82,"column":58}},"65":{"start":{"line":60,"column":13},"end":{"line":60,"column":26}},"66":{"start":{"line":86,"column":26},"end":{"line":104,"column":1}},"67":{"start":{"line":88,"column":20},"end":{"line":88,"column":38}},"68":{"start":{"line":89,"column":19},"end":{"line":89,"column":29}},"69":{"start":{"line":90,"column":4},"end":{"line":103,"column":5}},"70":{"start":{"line":91,"column":21},"end":{"line":91,"column":44}},"71":{"start":{"line":92,"column":8},"end":{"line":92,"column":78}},"72":{"start":{"line":92,"column":19},"end":{"line":92,"column":78}},"73":{"start":{"line":93,"column":22},"end":{"line":93,"column":56}},"74":{"start":{"line":94,"column":8},"end":{"line":94,"column":87}},"75":{"start":{"line":94,"column":20},"end":{"line":94,"column":87}},"76":{"start":{"line":95,"column":8},"end":{"line":97,"column":9}},"77":{"start":{"line":96,"column":12},"end":{"line":96,"column":71}},"78":{"start":{"line":98,"column":8},"end":{"line":98,"column":31}},"79":{"start":{"line":99,"column":8},"end":{"line":99,"column":46}},"80":{"start":{"line":101,"column":8},"end":{"line":101,"column":27}},"81":{"start":{"line":102,"column":8},"end":{"line":102,"column":58}},"82":{"start":{"line":86,"column":13},"end":{"line":86,"column":26}},"83":{"start":{"line":106,"column":28},"end":{"line":123,"column":1}},"84":{"start":{"line":108,"column":20},"end":{"line":108,"column":38}},"85":{"start":{"line":109,"column":37},"end":{"line":109,"column":45}},"86":{"start":{"line":110,"column":4},"end":{"line":122,"column":5}},"87":{"start":{"line":111,"column":22},"end":{"line":111,"column":51}},"88":{"start":{"line":112,"column":8},"end":{"line":112,"column":80}},"89":{"start":{"line":112,"column":20},"end":{"line":112,"column":80}},"90":{"start":{"line":113,"column":8},"end":{"line":115,"column":9}},"91":{"start":{"line":114,"column":12},"end":{"line":114,"column":71}},"92":{"start":{"line":116,"column":8},"end":{"line":116,"column":40}},"93":{"start":{"line":117,"column":8},"end":{"line":117,"column":27}},"94":{"start":{"line":118,"column":8},"end":{"line":118,"column":24}},"95":{"start":{"line":120,"column":8},"end":{"line":120,"column":27}},"96":{"start":{"line":121,"column":8},"end":{"line":121,"column":58}},"97":{"start":{"line":106,"column":13},"end":{"line":106,"column":28}}},"fnMap":{"0":{"name":"(anonymous_1)","decl":{"start":{"line":7,"column":17},"end":{"line":7,"column":22}},"loc":{"start":{"line":7,"column":60},"end":{"line":10,"column":1}}},"1":{"name":"(anonymous_2)","decl":{"start":{"line":12,"column":26},"end":{"line":12,"column":31}},"loc":{"start":{"line":12,"column":64},"end":{"line":35,"column":1}}},"2":{"name":"(anonymous_3)","decl":{"start":{"line":37,"column":31},"end":{"line":37,"column":36}},"loc":{"start":{"line":37,"column":69},"end":{"line":46,"column":1}}},"3":{"name":"(anonymous_4)","decl":{"start":{"line":48,"column":23},"end":{"line":48,"column":28}},"loc":{"start":{"line":48,"column":61},"end":{"line":58,"column":1}}},"4":{"name":"(anonymous_5)","decl":{"start":{"line":60,"column":26},"end":{"line":60,"column":31}},"loc":{"start":{"line":60,"column":64},"end":{"line":84,"column":1}}},"5":{"name":"(anonymous_6)","decl":{"start":{"line":86,"column":26},"end":{"line":86,"column":31}},"loc":{"start":{"line":86,"column":64},"end":{"line":104,"column":1}}},"6":{"name":"(anonymous_7)","decl":{"start":{"line":106,"column":28},"end":{"line":106,"column":33}},"loc":{"start":{"line":106,"column":66},"end":{"line":123,"column":1}}}},"branchMap":{"0":{"loc":{"start":{"line":9,"column":11},"end":{"line":9,"column":50}},"type":"binary-expr","locations":[{"start":{"line":9,"column":11},"end":{"line":9,"column":15}},{"start":{"line":9,"column":19},"end":{"line":9,"column":50}}]},"1":{"loc":{"start":{"line":18,"column":8},"end":{"line":18,"column":80}},"type":"if","locations":[{"start":{"line":18,"column":8},"end":{"line":18,"column":80}}]},"2":{"loc":{"start":{"line":19,"column":8},"end":{"line":21,"column":9}},"type":"if","locations":[{"start":{"line":19,"column":8},"end":{"line":21,"column":9}}]},"3":{"loc":{"start":{"line":52,"column":8},"end":{"line":52,"column":78}},"type":"if","locations":[{"start":{"line":52,"column":8},"end":{"line":52,"column":78}}]},"4":{"loc":{"start":{"line":67,"column":8},"end":{"line":67,"column":78}},"type":"if","locations":[{"start":{"line":67,"column":8},"end":{"line":67,"column":78}}]},"5":{"loc":{"start":{"line":69,"column":8},"end":{"line":69,"column":87}},"type":"if","locations":[{"start":{"line":69,"column":8},"end":{"line":69,"column":87}}]},"6":{"loc":{"start":{"line":70,"column":8},"end":{"line":72,"column":9}},"type":"if","locations":[{"start":{"line":70,"column":8},"end":{"line":72,"column":9}}]},"7":{"loc":{"start":{"line":73,"column":8},"end":{"line":73,"column":58}},"type":"if","locations":[{"start":{"line":73,"column":8},"end":{"line":73,"column":58}}]},"8":{"loc":{"start":{"line":74,"column":8},"end":{"line":74,"column":52}},"type":"if","locations":[{"start":{"line":74,"column":8},"end":{"line":74,"column":52}}]},"9":{"loc":{"start":{"line":75,"column":8},"end":{"line":75,"column":63}},"type":"if","locations":[{"start":{"line":75,"column":8},"end":{"line":75,"column":63}}]},"10":{"loc":{"start":{"line":76,"column":8},"end":{"line":76,"column":67}},"type":"if","locations":[{"start":{"line":76,"column":8},"end":{"line":76,"column":67}}]},"11":{"loc":{"start":{"line":77,"column":8},"end":{"line":77,"column":58}},"type":"if","locations":[{"start":{"line":77,"column":8},"end":{"line":77,"column":58}}]},"12":{"loc":{"start":{"line":92,"column":8},"end":{"line":92,"column":78}},"type":"if","locations":[{"start":{"line":92,"column":8},"end":{"line":92,"column":78}}]},"13":{"loc":{"start":{"line":94,"column":8},"end":{"line":94,"column":87}},"type":"if","locations":[{"start":{"line":94,"column":8},"end":{"line":94,"column":87}}]},"14":{"loc":{"start":{"line":95,"column":8},"end":{"line":97,"column":9}},"type":"if","locations":[{"start":{"line":95,"column":8},"end":{"line":97,"column":9}}]},"15":{"loc":{"start":{"line":112,"column":8},"end":{"line":112,"column":80}},"type":"if","locations":[{"start":{"line":112,"column":8},"end":{"line":112,"column":80}}]},"16":{"loc":{"start":{"line":113,"column":8},"end":{"line":115,"column":9}},"type":"if","locations":[{"start":{"line":113,"column":8},"end":{"line":115,"column":9}}]}},"s":{"0":0,"1":0,"2":0,"3":0,"4":0,"5":0,"6":0,"7":0,"8":0,"9":0,"10":0,"11":0,"12":0,"13":0,"14":0,"15":0,"16":0,"17":0,"18":0,"19":0,"20":0,"21":0,"22":0,"23":0,"24":0,"25":0,"26":0,"27":0,"28":0,"29":0,"30":0,"31":0,"32":0,"33":0,"34":0,"35":0,"36":0,"37":0,"38":0,"39":0,"40":0,"41":0,"42":0,"43":0,"44":0,"45":0,"46":0,"47":0,"48":0,"49":0,"50":0,"51":0,"52":0,"53":0,"54":0,"55":0,"56":0,"57":0,"58":0,"59":0,"60":0,"61":0,"62":0,"63":0,"64":0,"65":0,"66":0,"67":0,"68":0,"69":0,"70":0,"71":0,"72":0,"73":0,"74":0,"75":0,"76":0,"77":0,"78":0,"79":0,"80":0,"81":0,"82":0,"83":0,"84":0,"85":0,"86":0,"87":0,"88":0,"89":0,"90":0,"91":0,"92":0,"93":0,"94":0,"95":0,"96":0,"97":0},"f":{"0":0,"1":0,"2":0,"3":0,"4":0,"5":0,"6":0},"b":{"0":[0,0],"1":[0],"2":[0],"3":[0],"4":[0],"5":[0],"6":[0],"7":[0],"8":[0],"9":[0],"10":[0],"11":[0],"12":[0],"13":[0],"14":[0],"15":[0],"16":[0]}}
,"/Users/utilisateur/Ecole/RpgBook/NAHB-BackEnd/src/controllers/ratingController.ts": {"path":"/Users/utilisateur/Ecole/RpgBook/NAHB-BackEnd/src/controllers/ratingController.ts","statementMap":{"0":{"start":{"line":2,"column":0},"end":{"line":2,"column":42}},"1":{"start":{"line":3,"column":0},"end":{"line":3,"column":40}},"2":{"start":{"line":6,"column":25},"end":{"line":38,"column":1}},"3":{"start":{"line":8,"column":20},"end":{"line":8,"column":38}},"4":{"start":{"line":9,"column":24},"end":{"line":9,"column":34}},"5":{"start":{"line":10,"column":31},"end":{"line":10,"column":39}},"6":{"start":{"line":12,"column":4},"end":{"line":14,"column":5}},"7":{"start":{"line":13,"column":8},"end":{"line":13,"column":82}},"8":{"start":{"line":16,"column":4},"end":{"line":37,"column":5}},"9":{"start":{"line":18,"column":22},"end":{"line":18,"column":51}},"10":{"start":{"line":19,"column":8},"end":{"line":21,"column":9}},"11":{"start":{"line":20,"column":12},"end":{"line":20,"column":72}},"12":{"start":{"line":22,"column":8},"end":{"line":24,"column":9}},"13":{"start":{"line":23,"column":12},"end":{"line":23,"column":88}},"14":{"start":{"line":27,"column":23},"end":{"line":30,"column":null}},"15":{"start":{"line":33,"column":8},"end":{"line":33,"column":25}},"16":{"start":{"line":35,"column":8},"end":{"line":35,"column":27}},"17":{"start":{"line":36,"column":8},"end":{"line":36,"column":58}},"18":{"start":{"line":6,"column":13},"end":{"line":6,"column":25}},"19":{"start":{"line":41,"column":31},"end":{"line":86,"column":1}},"20":{"start":{"line":42,"column":24},"end":{"line":42,"column":34}},"21":{"start":{"line":43,"column":37},"end":{"line":43,"column":46}},"22":{"start":{"line":45,"column":4},"end":{"line":85,"column":5}},"23":{"start":{"line":46,"column":21},"end":{"line":46,"column":55}},"24":{"start":{"line":48,"column":24},"end":{"line":51,"column":33}},"25":{"start":{"line":53,"column":22},"end":{"line":53,"column":62}},"26":{"start":{"line":56,"column":28},"end":{"line":65,"column":10}},"27":{"start":{"line":67,"column":22},"end":{"line":67,"column":76}},"28":{"start":{"line":69,"column":8},"end":{"line":81,"column":11}},"29":{"start":{"line":83,"column":8},"end":{"line":83,"column":27}},"30":{"start":{"line":84,"column":8},"end":{"line":84,"column":58}},"31":{"start":{"line":41,"column":13},"end":{"line":41,"column":31}},"32":{"start":{"line":89,"column":29},"end":{"line":101,"column":1}},"33":{"start":{"line":91,"column":20},"end":{"line":91,"column":38}},"34":{"start":{"line":92,"column":24},"end":{"line":92,"column":34}},"35":{"start":{"line":94,"column":4},"end":{"line":100,"column":5}},"36":{"start":{"line":95,"column":23},"end":{"line":95,"column":83}},"37":{"start":{"line":96,"column":8},"end":{"line":96,"column":33}},"38":{"start":{"line":98,"column":8},"end":{"line":98,"column":27}},"39":{"start":{"line":99,"column":8},"end":{"line":99,"column":58}},"40":{"start":{"line":89,"column":13},"end":{"line":89,"column":29}},"41":{"start":{"line":104,"column":28},"end":{"line":119,"column":1}},"42":{"start":{"line":106,"column":20},"end":{"line":106,"column":38}},"43":{"start":{"line":107,"column":24},"end":{"line":107,"column":34}},"44":{"start":{"line":109,"column":4},"end":{"line":118,"column":5}},"45":{"start":{"line":110,"column":23},"end":{"line":110,"column":92}},"46":{"start":{"line":111,"column":8},"end":{"line":113,"column":9}},"47":{"start":{"line":112,"column":12},"end":{"line":112,"column":73}},"48":{"start":{"line":114,"column":8},"end":{"line":114,"column":48}},"49":{"start":{"line":116,"column":8},"end":{"line":116,"column":27}},"50":{"start":{"line":117,"column":8},"end":{"line":117,"column":58}},"51":{"start":{"line":104,"column":13},"end":{"line":104,"column":28}}},"fnMap":{"0":{"name":"(anonymous_0)","decl":{"start":{"line":6,"column":25},"end":{"line":6,"column":30}},"loc":{"start":{"line":6,"column":63},"end":{"line":38,"column":1}}},"1":{"name":"(anonymous_1)","decl":{"start":{"line":41,"column":31},"end":{"line":41,"column":36}},"loc":{"start":{"line":41,"column":69},"end":{"line":86,"column":1}}},"2":{"name":"(anonymous_2)","decl":{"start":{"line":89,"column":29},"end":{"line":89,"column":34}},"loc":{"start":{"line":89,"column":67},"end":{"line":101,"column":1}}},"3":{"name":"(anonymous_3)","decl":{"start":{"line":104,"column":28},"end":{"line":104,"column":33}},"loc":{"start":{"line":104,"column":66},"end":{"line":119,"column":1}}}},"branchMap":{"0":{"loc":{"start":{"line":12,"column":4},"end":{"line":14,"column":5}},"type":"if","locations":[{"start":{"line":12,"column":4},"end":{"line":14,"column":5}}]},"1":{"loc":{"start":{"line":12,"column":8},"end":{"line":12,"column":40}},"type":"binary-expr","locations":[{"start":{"line":12,"column":8},"end":{"line":12,"column":14}},{"start":{"line":12,"column":18},"end":{"line":12,"column":27}},{"start":{"line":12,"column":31},"end":{"line":12,"column":40}}]},"2":{"loc":{"start":{"line":19,"column":8},"end":{"line":21,"column":9}},"type":"if","locations":[{"start":{"line":19,"column":8},"end":{"line":21,"column":9}}]},"3":{"loc":{"start":{"line":22,"column":8},"end":{"line":24,"column":9}},"type":"if","locations":[{"start":{"line":22,"column":8},"end":{"line":24,"column":9}}]},"4":{"loc":{"start":{"line":43,"column":12},"end":{"line":43,"column":20}},"type":"default-arg","locations":[{"start":{"line":43,"column":19},"end":{"line":43,"column":20}}]},"5":{"loc":{"start":{"line":43,"column":22},"end":{"line":43,"column":32}},"type":"default-arg","locations":[{"start":{"line":43,"column":30},"end":{"line":43,"column":32}}]},"6":{"loc":{"start":{"line":67,"column":22},"end":{"line":67,"column":76}},"type":"binary-expr","locations":[{"start":{"line":67,"column":22},"end":{"line":67,"column":36}},{"start":{"line":67,"column":40},"end":{"line":67,"column":76}}]},"7":{"loc":{"start":{"line":96,"column":17},"end":{"line":96,"column":31}},"type":"binary-expr","locations":[{"start":{"line":96,"column":17},"end":{"line":96,"column":23}},{"start":{"line":96,"column":27},"end":{"line":96,"column":31}}]},"8":{"loc":{"start":{"line":111,"column":8},"end":{"line":113,"column":9}},"type":"if","locations":[{"start":{"line":111,"column":8},"end":{"line":113,"column":9}}]}},"s":{"0":0,"1":0,"2":0,"3":0,"4":0,"5":0,"6":0,"7":0,"8":0,"9":0,"10":0,"11":0,"12":0,"13":0,"14":0,"15":0,"16":0,"17":0,"18":0,"19":0,"20":0,"21":0,"22":0,"23":0,"24":0,"25":0,"26":0,"27":0,"28":0,"29":0,"30":0,"31":0,"32":0,"33":0,"34":0,"35":0,"36":0,"37":0,"38":0,"39":0,"40":0,"41":0,"42":0,"43":0,"44":0,"45":0,"46":0,"47":0,"48":0,"49":0,"50":0,"51":0},"f":{"0":0,"1":0,"2":0,"3":0},"b":{"0":[0],"1":[0,0,0],"2":[0],"3":[0],"4":[0],"5":[0],"6":[0,0],"7":[0,0],"8":[0]}}
,"/Users/utilisateur/Ecole/RpgBook/NAHB-BackEnd/src/controllers/reportController.ts": {"path":"/Users/utilisateur/Ecole/RpgBook/NAHB-BackEnd/src/controllers/reportController.ts","statementMap":{"0":{"start":{"line":2,"column":0},"end":{"line":2,"column":42}},"1":{"start":{"line":3,"column":0},"end":{"line":3,"column":40}},"2":{"start":{"line":6,"column":27},"end":{"line":50,"column":1}},"3":{"start":{"line":8,"column":20},"end":{"line":8,"column":38}},"4":{"start":{"line":9,"column":24},"end":{"line":9,"column":34}},"5":{"start":{"line":10,"column":34},"end":{"line":10,"column":42}},"6":{"start":{"line":12,"column":23},"end":{"line":12,"column":92}},"7":{"start":{"line":13,"column":4},"end":{"line":17,"column":5}},"8":{"start":{"line":14,"column":8},"end":{"line":16,"column":11}},"9":{"start":{"line":19,"column":4},"end":{"line":49,"column":5}},"10":{"start":{"line":21,"column":22},"end":{"line":21,"column":51}},"11":{"start":{"line":22,"column":8},"end":{"line":24,"column":9}},"12":{"start":{"line":23,"column":12},"end":{"line":23,"column":72}},"13":{"start":{"line":27,"column":31},"end":{"line":31,"column":10}},"14":{"start":{"line":33,"column":8},"end":{"line":35,"column":9}},"15":{"start":{"line":34,"column":12},"end":{"line":34,"column":93}},"16":{"start":{"line":37,"column":23},"end":{"line":43,"column":10}},"17":{"start":{"line":45,"column":8},"end":{"line":45,"column":83}},"18":{"start":{"line":47,"column":8},"end":{"line":47,"column":27}},"19":{"start":{"line":48,"column":8},"end":{"line":48,"column":58}},"20":{"start":{"line":6,"column":13},"end":{"line":6,"column":27}},"21":{"start":{"line":53,"column":28},"end":{"line":65,"column":1}},"22":{"start":{"line":55,"column":20},"end":{"line":55,"column":38}},"23":{"start":{"line":57,"column":4},"end":{"line":64,"column":5}},"24":{"start":{"line":58,"column":24},"end":{"line":59,"column":36}},"25":{"start":{"line":60,"column":8},"end":{"line":60,"column":26}},"26":{"start":{"line":62,"column":8},"end":{"line":62,"column":27}},"27":{"start":{"line":63,"column":8},"end":{"line":63,"column":58}},"28":{"start":{"line":53,"column":13},"end":{"line":53,"column":28}}},"fnMap":{"0":{"name":"(anonymous_0)","decl":{"start":{"line":6,"column":27},"end":{"line":6,"column":32}},"loc":{"start":{"line":6,"column":65},"end":{"line":50,"column":1}}},"1":{"name":"(anonymous_1)","decl":{"start":{"line":53,"column":28},"end":{"line":53,"column":33}},"loc":{"start":{"line":53,"column":66},"end":{"line":65,"column":1}}}},"branchMap":{"0":{"loc":{"start":{"line":13,"column":4},"end":{"line":17,"column":5}},"type":"if","locations":[{"start":{"line":13,"column":4},"end":{"line":17,"column":5}}]},"1":{"loc":{"start":{"line":13,"column":8},"end":{"line":13,"column":43}},"type":"binary-expr","locations":[{"start":{"line":13,"column":8},"end":{"line":13,"column":13}},{"start":{"line":13,"column":17},"end":{"line":13,"column":43}}]},"2":{"loc":{"start":{"line":22,"column":8},"end":{"line":24,"column":9}},"type":"if","locations":[{"start":{"line":22,"column":8},"end":{"line":24,"column":9}}]},"3":{"loc":{"start":{"line":33,"column":8},"end":{"line":35,"column":9}},"type":"if","locations":[{"start":{"line":33,"column":8},"end":{"line":35,"column":9}}]}},"s":{"0":0,"1":0,"2":0,"3":0,"4":0,"5":0,"6":0,"7":0,"8":0,"9":0,"10":0,"11":0,"12":0,"13":0,"14":0,"15":0,"16":0,"17":0,"18":0,"19":0,"20":0,"21":0,"22":0,"23":0,"24":0,"25":0,"26":0,"27":0,"28":0},"f":{"0":0,"1":0},"b":{"0":[0],"1":[0,0],"2":[0],"3":[0]}}
,"/Users/utilisateur/Ecole/RpgBook/NAHB-BackEnd/src/controllers/storyController.ts": {"path":"/Users/utilisateur/Ecole/RpgBook/NAHB-BackEnd/src/controllers/storyController.ts","statementMap":{"0":{"start":{"line":2,"column":0},"end":{"line":2,"column":40}},"1":{"start":{"line":3,"column":0},"end":{"line":3,"column":34}},"2":{"start":{"line":6,"column":17},"end":{"line":9,"column":1}},"3":{"start":{"line":7,"column":17},"end":{"line":7,"column":44}},"4":{"start":{"line":8,"column":4},"end":{"line":8,"column":51}},"5":{"start":{"line":11,"column":27},"end":{"line":30,"column":1}},"6":{"start":{"line":13,"column":20},"end":{"line":13,"column":38}},"7":{"start":{"line":14,"column":48},"end":{"line":14,"column":56}},"8":{"start":{"line":15,"column":4},"end":{"line":29,"column":5}},"9":{"start":{"line":16,"column":22},"end":{"line":24,"column":10}},"10":{"start":{"line":25,"column":8},"end":{"line":25,"column":36}},"11":{"start":{"line":27,"column":8},"end":{"line":27,"column":27}},"12":{"start":{"line":28,"column":8},"end":{"line":28,"column":58}},"13":{"start":{"line":11,"column":13},"end":{"line":11,"column":27}},"14":{"start":{"line":32,"column":28},"end":{"line":42,"column":1}},"15":{"start":{"line":34,"column":20},"end":{"line":34,"column":38}},"16":{"start":{"line":35,"column":4},"end":{"line":41,"column":5}},"17":{"start":{"line":36,"column":24},"end":{"line":36,"column":73}},"18":{"start":{"line":37,"column":8},"end":{"line":37,"column":26}},"19":{"start":{"line":39,"column":8},"end":{"line":39,"column":27}},"20":{"start":{"line":40,"column":8},"end":{"line":40,"column":58}},"21":{"start":{"line":32,"column":13},"end":{"line":32,"column":28}},"22":{"start":{"line":44,"column":24},"end":{"line":54,"column":1}},"23":{"start":{"line":45,"column":19},"end":{"line":45,"column":29}},"24":{"start":{"line":46,"column":4},"end":{"line":53,"column":5}},"25":{"start":{"line":47,"column":22},"end":{"line":47,"column":46}},"26":{"start":{"line":48,"column":8},"end":{"line":48,"column":80}},"27":{"start":{"line":48,"column":20},"end":{"line":48,"column":80}},"28":{"start":{"line":49,"column":8},"end":{"line":49,"column":24}},"29":{"start":{"line":51,"column":8},"end":{"line":51,"column":27}},"30":{"start":{"line":52,"column":8},"end":{"line":52,"column":58}},"31":{"start":{"line":44,"column":13},"end":{"line":44,"column":24}},"32":{"start":{"line":56,"column":27},"end":{"line":78,"column":1}},"33":{"start":{"line":58,"column":20},"end":{"line":58,"column":38}},"34":{"start":{"line":59,"column":19},"end":{"line":59,"column":29}},"35":{"start":{"line":60,"column":56},"end":{"line":60,"column":64}},"36":{"start":{"line":61,"column":4},"end":{"line":77,"column":5}},"37":{"start":{"line":62,"column":22},"end":{"line":62,"column":46}},"38":{"start":{"line":63,"column":8},"end":{"line":63,"column":80}},"39":{"start":{"line":63,"column":20},"end":{"line":63,"column":80}},"40":{"start":{"line":64,"column":8},"end":{"line":66,"column":9}},"41":{"start":{"line":65,"column":12},"end":{"line":65,"column":71}},"42":{"start":{"line":67,"column":8},"end":{"line":67,"column":39}},"43":{"start":{"line":67,"column":19},"end":{"line":67,"column":39}},"44":{"start":{"line":68,"column":8},"end":{"line":68,"column":57}},"45":{"start":{"line":68,"column":25},"end":{"line":68,"column":57}},"46":{"start":{"line":69,"column":8},"end":{"line":69,"column":36}},"47":{"start":{"line":69,"column":18},"end":{"line":69,"column":36}},"48":{"start":{"line":70,"column":8},"end":{"line":70,"column":42}},"49":{"start":{"line":70,"column":20},"end":{"line":70,"column":42}},"50":{"start":{"line":71,"column":8},"end":{"line":71,"column":39}},"51":{"start":{"line":71,"column":19},"end":{"line":71,"column":39}},"52":{"start":{"line":72,"column":8},"end":{"line":72,"column":27}},"53":{"start":{"line":73,"column":8},"end":{"line":73,"column":24}},"54":{"start":{"line":75,"column":8},"end":{"line":75,"column":27}},"55":{"start":{"line":76,"column":8},"end":{"line":76,"column":58}},"56":{"start":{"line":56,"column":13},"end":{"line":56,"column":27}},"57":{"start":{"line":80,"column":27},"end":{"line":96,"column":1}},"58":{"start":{"line":82,"column":20},"end":{"line":82,"column":38}},"59":{"start":{"line":83,"column":19},"end":{"line":83,"column":29}},"60":{"start":{"line":84,"column":4},"end":{"line":95,"column":5}},"61":{"start":{"line":85,"column":22},"end":{"line":85,"column":46}},"62":{"start":{"line":86,"column":8},"end":{"line":86,"column":80}},"63":{"start":{"line":86,"column":20},"end":{"line":86,"column":80}},"64":{"start":{"line":87,"column":8},"end":{"line":89,"column":9}},"65":{"start":{"line":88,"column":12},"end":{"line":88,"column":71}},"66":{"start":{"line":90,"column":8},"end":{"line":90,"column":32}},"67":{"start":{"line":91,"column":8},"end":{"line":91,"column":47}},"68":{"start":{"line":93,"column":8},"end":{"line":93,"column":27}},"69":{"start":{"line":94,"column":8},"end":{"line":94,"column":58}},"70":{"start":{"line":80,"column":13},"end":{"line":80,"column":27}},"71":{"start":{"line":98,"column":35},"end":{"line":111,"column":1}},"72":{"start":{"line":99,"column":23},"end":{"line":99,"column":55}},"73":{"start":{"line":100,"column":4},"end":{"line":110,"column":5}},"74":{"start":{"line":101,"column":23},"end":{"line":101,"column":53}},"75":{"start":{"line":102,"column":8},"end":{"line":104,"column":9}},"76":{"start":{"line":103,"column":12},"end":{"line":103,"column":61}},"77":{"start":{"line":105,"column":24},"end":{"line":105,"column":48}},"78":{"start":{"line":106,"column":8},"end":{"line":106,"column":26}},"79":{"start":{"line":108,"column":8},"end":{"line":108,"column":27}},"80":{"start":{"line":109,"column":8},"end":{"line":109,"column":58}},"81":{"start":{"line":98,"column":13},"end":{"line":98,"column":35}}},"fnMap":{"0":{"name":"(anonymous_1)","decl":{"start":{"line":6,"column":17},"end":{"line":6,"column":22}},"loc":{"start":{"line":6,"column":60},"end":{"line":9,"column":1}}},"1":{"name":"(anonymous_2)","decl":{"start":{"line":11,"column":27},"end":{"line":11,"column":32}},"loc":{"start":{"line":11,"column":65},"end":{"line":30,"column":1}}},"2":{"name":"(anonymous_3)","decl":{"start":{"line":32,"column":28},"end":{"line":32,"column":33}},"loc":{"start":{"line":32,"column":66},"end":{"line":42,"column":1}}},"3":{"name":"(anonymous_4)","decl":{"start":{"line":44,"column":24},"end":{"line":44,"column":29}},"loc":{"start":{"line":44,"column":62},"end":{"line":54,"column":1}}},"4":{"name":"(anonymous_5)","decl":{"start":{"line":56,"column":27},"end":{"line":56,"column":32}},"loc":{"start":{"line":56,"column":65},"end":{"line":78,"column":1}}},"5":{"name":"(anonymous_6)","decl":{"start":{"line":80,"column":27},"end":{"line":80,"column":32}},"loc":{"start":{"line":80,"column":65},"end":{"line":96,"column":1}}},"6":{"name":"(anonymous_7)","decl":{"start":{"line":98,"column":35},"end":{"line":98,"column":40}},"loc":{"start":{"line":98,"column":73},"end":{"line":111,"column":1}}}},"branchMap":{"0":{"loc":{"start":{"line":8,"column":11},"end":{"line":8,"column":50}},"type":"binary-expr","locations":[{"start":{"line":8,"column":11},"end":{"line":8,"column":15}},{"start":{"line":8,"column":19},"end":{"line":8,"column":50}}]},"1":{"loc":{"start":{"line":48,"column":8},"end":{"line":48,"column":80}},"type":"if","locations":[{"start":{"line":48,"column":8},"end":{"line":48,"column":80}}]},"2":{"loc":{"start":{"line":63,"column":8},"end":{"line":63,"column":80}},"type":"if","locations":[{"start":{"line":63,"column":8},"end":{"line":63,"column":80}}]},"3":{"loc":{"start":{"line":64,"column":8},"end":{"line":66,"column":9}},"type":"if","locations":[{"start":{"line":64,"column":8},"end":{"line":66,"column":9}}]},"4":{"loc":{"start":{"line":67,"column":8},"end":{"line":67,"column":39}},"type":"if","locations":[{"start":{"line":67,"column":8},"end":{"line":67,"column":39}}]},"5":{"loc":{"start":{"line":68,"column":8},"end":{"line":68,"column":57}},"type":"if","locations":[{"start":{"line":68,"column":8},"end":{"line":68,"column":57}}]},"6":{"loc":{"start":{"line":69,"column":8},"end":{"line":69,"column":36}},"type":"if","locations":[{"start":{"line":69,"column":8},"end":{"line":69,"column":36}}]},"7":{"loc":{"start":{"line":70,"column":8},"end":{"line":70,"column":42}},"type":"if","locations":[{"start":{"line":70,"column":8},"end":{"line":70,"column":42}}]},"8":{"loc":{"start":{"line":71,"column":8},"end":{"line":71,"column":39}},"type":"if","locations":[{"start":{"line":71,"column":8},"end":{"line":71,"column":39}}]},"9":{"loc":{"start":{"line":86,"column":8},"end":{"line":86,"column":80}},"type":"if","locations":[{"start":{"line":86,"column":8},"end":{"line":86,"column":80}}]},"10":{"loc":{"start":{"line":87,"column":8},"end":{"line":89,"column":9}},"type":"if","locations":[{"start":{"line":87,"column":8},"end":{"line":89,"column":9}}]},"11":{"loc":{"start":{"line":102,"column":8},"end":{"line":104,"column":9}},"type":"if","locations":[{"start":{"line":102,"column":8},"end":{"line":104,"column":9}}]}},"s":{"0":0,"1":0,"2":0,"3":0,"4":0,"5":0,"6":0,"7":0,"8":0,"9":0,"10":0,"11":0,"12":0,"13":0,"14":0,"15":0,"16":0,"17":0,"18":0,"19":0,"20":0,"21":0,"22":0,"23":0,"24":0,"25":0,"26":0,"27":0,"28":0,"29":0,"30":0,"31":0,"32":0,"33":0,"34":0,"35":0,"36":0,"37":0,"38":0,"39":0,"40":0,"41":0,"42":0,"43":0,"44":0,"45":0,"46":0,"47":0,"48":0,"49":0,"50":0,"51":0,"52":0,"53":0,"54":0,"55":0,"56":0,"57":0,"58":0,"59":0,"60":0,"61":0,"62":0,"63":0,"64":0,"65":0,"66":0,"67":0,"68":0,"69":0,"70":0,"71":0,"72":0,"73":0,"74":0,"75":0,"76":0,"77":0,"78":0,"79":0,"80":0,"81":0},"f":{"0":0,"1":0,"2":0,"3":0,"4":0,"5":0,"6":0},"b":{"0":[0,0],"1":[0],"2":[0],"3":[0],"4":[0],"5":[0],"6":[0],"7":[0],"8":[0],"9":[0],"10":[0],"11":[0]}}
,"/Users/utilisateur/Ecole/RpgBook/NAHB-BackEnd/src/middleware/auth.ts": {"path":"/Users/utilisateur/Ecole/RpgBook/NAHB-BackEnd/src/middleware/auth.ts","statementMap":{"0":{"start":{"line":2,"column":0},"end":{"line":2,"column":31}},"1":{"start":{"line":3,"column":0},"end":{"line":3,"column":48}},"2":{"start":{"line":5,"column":28},"end":{"line":20,"column":1}},"3":{"start":{"line":6,"column":23},"end":{"line":6,"column":48}},"4":{"start":{"line":7,"column":4},"end":{"line":9,"column":5}},"5":{"start":{"line":8,"column":8},"end":{"line":8,"column":66}},"6":{"start":{"line":10,"column":18},"end":{"line":10,"column":42}},"7":{"start":{"line":11,"column":4},"end":{"line":19,"column":5}},"8":{"start":{"line":12,"column":24},"end":{"line":12,"column":85}},"9":{"start":{"line":14,"column":9},"end":{"line":14,"column":41}},"10":{"start":{"line":15,"column":9},"end":{"line":15,"column":45}},"11":{"start":{"line":16,"column":8},"end":{"line":16,"column":15}},"12":{"start":{"line":18,"column":8},"end":{"line":18,"column":66}},"13":{"start":{"line":5,"column":13},"end":{"line":5,"column":28}},"14":{"start":{"line":22,"column":25},"end":{"line":30,"column":1}},"15":{"start":{"line":23,"column":4},"end":{"line":29,"column":6}},"16":{"start":{"line":24,"column":26},"end":{"line":24,"column":46}},"17":{"start":{"line":25,"column":8},"end":{"line":27,"column":9}},"18":{"start":{"line":26,"column":12},"end":{"line":26,"column":85}},"19":{"start":{"line":28,"column":8},"end":{"line":28,"column":15}},"20":{"start":{"line":22,"column":13},"end":{"line":22,"column":25}}},"fnMap":{"0":{"name":"(anonymous_1)","decl":{"start":{"line":5,"column":28},"end":{"line":5,"column":29}},"loc":{"start":{"line":5,"column":80},"end":{"line":20,"column":1}}},"1":{"name":"(anonymous_2)","decl":{"start":{"line":22,"column":25},"end":{"line":22,"column":26}},"loc":{"start":{"line":22,"column":45},"end":{"line":30,"column":1}}},"2":{"name":"(anonymous_3)","decl":{"start":{"line":23,"column":11},"end":{"line":23,"column":12}},"loc":{"start":{"line":23,"column":63},"end":{"line":29,"column":5}}}},"branchMap":{"0":{"loc":{"start":{"line":7,"column":4},"end":{"line":9,"column":5}},"type":"if","locations":[{"start":{"line":7,"column":4},"end":{"line":9,"column":5}}]},"1":{"loc":{"start":{"line":7,"column":8},"end":{"line":7,"column":56}},"type":"binary-expr","locations":[{"start":{"line":7,"column":8},"end":{"line":7,"column":19}},{"start":{"line":7,"column":23},"end":{"line":7,"column":56}}]},"2":{"loc":{"start":{"line":25,"column":8},"end":{"line":27,"column":9}},"type":"if","locations":[{"start":{"line":25,"column":8},"end":{"line":27,"column":9}}]},"3":{"loc":{"start":{"line":25,"column":12},"end":{"line":25,"column":50}},"type":"binary-expr","locations":[{"start":{"line":25,"column":12},"end":{"line":25,"column":21}},{"start":{"line":25,"column":25},"end":{"line":25,"column":50}}]}},"s":{"0":0,"1":0,"2":0,"3":0,"4":0,"5":0,"6":0,"7":0,"8":0,"9":0,"10":0,"11":0,"12":0,"13":0,"14":0,"15":0,"16":0,"17":0,"18":0,"19":0,"20":0},"f":{"0":0,"1":0,"2":0},"b":{"0":[0],"1":[0,0],"2":[0],"3":[0,0]}}
,"/Users/utilisateur/Ecole/RpgBook/NAHB-BackEnd/src/models/GameSession.ts": {"path":"/Users/utilisateur/Ecole/RpgBook/NAHB-BackEnd/src/models/GameSession.ts","statementMap":{"0":{"start":{"line":1,"column":0},"end":{"line":1,"column":51}},"1":{"start":{"line":16,"column":26},"end":{"line":29,"column":null}},"2":{"start":{"line":33,"column":0},"end":{"line":33,"column":40}},"3":{"start":{"line":34,"column":0},"end":{"line":34,"column":39}},"4":{"start":{"line":35,"column":0},"end":{"line":35,"column":51}},"5":{"start":{"line":37,"column":13},"end":{"line":37,"column":81}}},"fnMap":{},"branchMap":{},"s":{"0":1,"1":1,"2":1,"3":1,"4":1,"5":1},"f":{},"b":{}}
,"/Users/utilisateur/Ecole/RpgBook/NAHB-BackEnd/src/models/Page.ts": {"path":"/Users/utilisateur/Ecole/RpgBook/NAHB-BackEnd/src/models/Page.ts","statementMap":{"0":{"start":{"line":1,"column":0},"end":{"line":1,"column":51}},"1":{"start":{"line":19,"column":21},"end":{"line":23,"column":2}},"2":{"start":{"line":25,"column":19},"end":{"line":32,"column":2}},"3":{"start":{"line":34,"column":13},"end":{"line":34,"column":53}}},"fnMap":{},"branchMap":{},"s":{"0":2,"1":2,"2":2,"3":2},"f":{},"b":{}}
,"/Users/utilisateur/Ecole/RpgBook/NAHB-BackEnd/src/models/Rating.ts": {"path":"/Users/utilisateur/Ecole/RpgBook/NAHB-BackEnd/src/models/Rating.ts","statementMap":{"0":{"start":{"line":1,"column":0},"end":{"line":1,"column":51}},"1":{"start":{"line":12,"column":21},"end":{"line":21,"column":null}},"2":{"start":{"line":25,"column":0},"end":{"line":25,"column":64}},"3":{"start":{"line":27,"column":13},"end":{"line":27,"column":61}}},"fnMap":{},"branchMap":{},"s":{"0":1,"1":1,"2":1,"3":1},"f":{},"b":{}}
,"/Users/utilisateur/Ecole/RpgBook/NAHB-BackEnd/src/models/Report.ts": {"path":"/Users/utilisateur/Ecole/RpgBook/NAHB-BackEnd/src/models/Report.ts","statementMap":{"0":{"start":{"line":1,"column":0},"end":{"line":1,"column":51}},"1":{"start":{"line":18,"column":21},"end":{"line":38,"column":null}},"2":{"start":{"line":42,"column":0},"end":{"line":42,"column":35}},"3":{"start":{"line":43,"column":0},"end":{"line":43,"column":34}},"4":{"start":{"line":44,"column":0},"end":{"line":44,"column":38}},"5":{"start":{"line":46,"column":13},"end":{"line":46,"column":61}}},"fnMap":{},"branchMap":{},"s":{"0":1,"1":1,"2":1,"3":1,"4":1,"5":1},"f":{},"b":{}}
,"/Users/utilisateur/Ecole/RpgBook/NAHB-BackEnd/src/models/Story.ts": {"path":"/Users/utilisateur/Ecole/RpgBook/NAHB-BackEnd/src/models/Story.ts","statementMap":{"0":{"start":{"line":1,"column":0},"end":{"line":1,"column":51}},"1":{"start":{"line":18,"column":20},"end":{"line":31,"column":2}},"2":{"start":{"line":33,"column":13},"end":{"line":33,"column":57}}},"fnMap":{},"branchMap":{},"s":{"0":5,"1":5,"2":5},"f":{},"b":{}}
,"/Users/utilisateur/Ecole/RpgBook/NAHB-BackEnd/src/models/User.ts": {"path":"/Users/utilisateur/Ecole/RpgBook/NAHB-BackEnd/src/models/User.ts","statementMap":{"0":{"start":{"line":1,"column":0},"end":{"line":1,"column":55}},"1":{"start":{"line":2,"column":0},"end":{"line":2,"column":44}},"2":{"start":{"line":14,"column":0},"end":{"line":14,"column":13}},"3":{"start":{"line":22,"column":0},"end":{"line":53,"column":2}},"4":{"start":{"line":55,"column":0},"end":{"line":55,"column":20}}},"fnMap":{},"branchMap":{},"s":{"0":0,"1":0,"2":0,"3":0,"4":0},"f":{},"b":{}}
,"/Users/utilisateur/Ecole/RpgBook/NAHB-BackEnd/src/routes/adminRoutes.ts": {"path":"/Users/utilisateur/Ecole/RpgBook/NAHB-BackEnd/src/routes/adminRoutes.ts","statementMap":{"0":{"start":{"line":1,"column":0},"end":{"line":1,"column":33}},"1":{"start":{"line":2,"column":0},"end":{"line":2,"column":50}},"2":{"start":{"line":3,"column":0},"end":{"line":3,"column":null}},"3":{"start":{"line":14,"column":15},"end":{"line":14,"column":23}},"4":{"start":{"line":17,"column":0},"end":{"line":17,"column":25}},"5":{"start":{"line":18,"column":0},"end":{"line":18,"column":25}},"6":{"start":{"line":21,"column":0},"end":{"line":21,"column":34}},"7":{"start":{"line":22,"column":0},"end":{"line":22,"column":50}},"8":{"start":{"line":25,"column":0},"end":{"line":25,"column":38}},"9":{"start":{"line":26,"column":0},"end":{"line":26,"column":65}},"10":{"start":{"line":29,"column":0},"end":{"line":29,"column":38}},"11":{"start":{"line":30,"column":0},"end":{"line":30,"column":55}},"12":{"start":{"line":33,"column":0},"end":{"line":33,"column":39}},"13":{"start":{"line":35,"column":0},"end":{"line":35,"column":22}}},"fnMap":{},"branchMap":{},"s":{"0":0,"1":0,"2":0,"3":0,"4":0,"5":0,"6":0,"7":0,"8":0,"9":0,"10":0,"11":0,"12":0,"13":0},"f":{},"b":{}}
,"/Users/utilisateur/Ecole/RpgBook/NAHB-BackEnd/src/routes/authRoutes.ts": {"path":"/Users/utilisateur/Ecole/RpgBook/NAHB-BackEnd/src/routes/authRoutes.ts","statementMap":{"0":{"start":{"line":1,"column":0},"end":{"line":1,"column":33}},"1":{"start":{"line":2,"column":0},"end":{"line":2,"column":71}},"2":{"start":{"line":3,"column":0},"end":{"line":3,"column":50}},"3":{"start":{"line":5,"column":15},"end":{"line":5,"column":23}},"4":{"start":{"line":7,"column":0},"end":{"line":7,"column":35}},"5":{"start":{"line":8,"column":0},"end":{"line":8,"column":29}},"6":{"start":{"line":9,"column":0},"end":{"line":9,"column":39}},"7":{"start":{"line":11,"column":0},"end":{"line":11,"column":22}}},"fnMap":{},"branchMap":{},"s":{"0":0,"1":0,"2":0,"3":0,"4":0,"5":0,"6":0,"7":0},"f":{},"b":{}}
,"/Users/utilisateur/Ecole/RpgBook/NAHB-BackEnd/src/routes/gameRoutes.ts": {"path":"/Users/utilisateur/Ecole/RpgBook/NAHB-BackEnd/src/routes/gameRoutes.ts","statementMap":{"0":{"start":{"line":1,"column":0},"end":{"line":1,"column":33}},"1":{"start":{"line":2,"column":0},"end":{"line":2,"column":124}},"2":{"start":{"line":3,"column":0},"end":{"line":3,"column":50}},"3":{"start":{"line":5,"column":15},"end":{"line":5,"column":23}},"4":{"start":{"line":7,"column":0},"end":{"line":7,"column":47}},"5":{"start":{"line":8,"column":0},"end":{"line":8,"column":49}},"6":{"start":{"line":9,"column":0},"end":{"line":9,"column":51}},"7":{"start":{"line":10,"column":0},"end":{"line":10,"column":53}},"8":{"start":{"line":11,"column":0},"end":{"line":11,"column":73}},"9":{"start":{"line":12,"column":0},"end":{"line":12,"column":65}},"10":{"start":{"line":14,"column":0},"end":{"line":14,"column":22}}},"fnMap":{},"branchMap":{},"s":{"0":0,"1":0,"2":0,"3":0,"4":0,"5":0,"6":0,"7":0,"8":0,"9":0,"10":0},"f":{},"b":{}}
,"/Users/utilisateur/Ecole/RpgBook/NAHB-BackEnd/src/routes/pageRoutes.ts": {"path":"/Users/utilisateur/Ecole/RpgBook/NAHB-BackEnd/src/routes/pageRoutes.ts","statementMap":{"0":{"start":{"line":1,"column":0},"end":{"line":1,"column":33}},"1":{"start":{"line":2,"column":0},"end":{"line":2,"column":null}},"2":{"start":{"line":10,"column":0},"end":{"line":10,"column":61}},"3":{"start":{"line":12,"column":15},"end":{"line":12,"column":23}},"4":{"start":{"line":15,"column":0},"end":{"line":15,"column":75}},"5":{"start":{"line":16,"column":0},"end":{"line":16,"column":77}},"6":{"start":{"line":17,"column":0},"end":{"line":17,"column":80}},"7":{"start":{"line":18,"column":0},"end":{"line":18,"column":86}},"8":{"start":{"line":21,"column":0},"end":{"line":21,"column":47}},"9":{"start":{"line":22,"column":0},"end":{"line":22,"column":28}},"10":{"start":{"line":24,"column":0},"end":{"line":24,"column":22}}},"fnMap":{},"branchMap":{},"s":{"0":0,"1":0,"2":0,"3":0,"4":0,"5":0,"6":0,"7":0,"8":0,"9":0,"10":0},"f":{},"b":{}}
,"/Users/utilisateur/Ecole/RpgBook/NAHB-BackEnd/src/routes/ratingRoutes.ts": {"path":"/Users/utilisateur/Ecole/RpgBook/NAHB-BackEnd/src/routes/ratingRoutes.ts","statementMap":{"0":{"start":{"line":1,"column":0},"end":{"line":1,"column":33}},"1":{"start":{"line":2,"column":0},"end":{"line":2,"column":50}},"2":{"start":{"line":3,"column":0},"end":{"line":3,"column":null}},"3":{"start":{"line":10,"column":15},"end":{"line":10,"column":23}},"4":{"start":{"line":13,"column":0},"end":{"line":13,"column":47}},"5":{"start":{"line":16,"column":0},"end":{"line":16,"column":56}},"6":{"start":{"line":19,"column":0},"end":{"line":19,"column":62}},"7":{"start":{"line":22,"column":0},"end":{"line":22,"column":61}},"8":{"start":{"line":24,"column":0},"end":{"line":24,"column":22}}},"fnMap":{},"branchMap":{},"s":{"0":0,"1":0,"2":0,"3":0,"4":0,"5":0,"6":0,"7":0,"8":0},"f":{},"b":{}}
,"/Users/utilisateur/Ecole/RpgBook/NAHB-BackEnd/src/routes/reportRoutes.ts": {"path":"/Users/utilisateur/Ecole/RpgBook/NAHB-BackEnd/src/routes/reportRoutes.ts","statementMap":{"0":{"start":{"line":1,"column":0},"end":{"line":1,"column":33}},"1":{"start":{"line":2,"column":0},"end":{"line":2,"column":50}},"2":{"start":{"line":3,"column":0},"end":{"line":3,"column":76}},"3":{"start":{"line":5,"column":15},"end":{"line":5,"column":23}},"4":{"start":{"line":8,"column":0},"end":{"line":8,"column":58}},"5":{"start":{"line":11,"column":0},"end":{"line":11,"column":54}},"6":{"start":{"line":13,"column":0},"end":{"line":13,"column":22}}},"fnMap":{},"branchMap":{},"s":{"0":0,"1":0,"2":0,"3":0,"4":0,"5":0,"6":0},"f":{},"b":{}}
,"/Users/utilisateur/Ecole/RpgBook/NAHB-BackEnd/src/routes/storyRoutes.ts": {"path":"/Users/utilisateur/Ecole/RpgBook/NAHB-BackEnd/src/routes/storyRoutes.ts","statementMap":{"0":{"start":{"line":1,"column":0},"end":{"line":1,"column":33}},"1":{"start":{"line":2,"column":0},"end":{"line":2,"column":null}},"2":{"start":{"line":10,"column":0},"end":{"line":10,"column":61}},"3":{"start":{"line":12,"column":15},"end":{"line":12,"column":23}},"4":{"start":{"line":15,"column":0},"end":{"line":15,"column":76}},"5":{"start":{"line":16,"column":0},"end":{"line":16,"column":78}},"6":{"start":{"line":17,"column":0},"end":{"line":17,"column":78}},"7":{"start":{"line":18,"column":0},"end":{"line":18,"column":81}},"8":{"start":{"line":21,"column":0},"end":{"line":21,"column":46}},"9":{"start":{"line":22,"column":0},"end":{"line":22,"column":29}},"10":{"start":{"line":24,"column":0},"end":{"line":24,"column":22}}},"fnMap":{},"branchMap":{},"s":{"0":0,"1":0,"2":0,"3":0,"4":0,"5":0,"6":0,"7":0,"8":0,"9":0,"10":0},"f":{},"b":{}}
,"/Users/utilisateur/Ecole/RpgBook/NAHB-BackEnd/src/scripts/seedMainStory.ts": {"path":"/Users/utilisateur/Ecole/RpgBook/NAHB-BackEnd/src/scripts/seedMainStory.ts","statementMap":{"0":{"start":{"line":2,"column":0},"end":{"line":2,"column":28}},"1":{"start":{"line":3,"column":0},"end":{"line":3,"column":40}},"2":{"start":{"line":4,"column":0},"end":{"line":4,"column":38}},"3":{"start":{"line":5,"column":0},"end":{"line":5,"column":47}},"4":{"start":{"line":7,"column":0},"end":{"line":7,"column":16}},"5":{"start":{"line":9,"column":19},"end":{"line":9,"column":32}},"6":{"start":{"line":12,"column":4},"end":{"line":717,"column":5}},"7":{"start":{"line":13,"column":8},"end":{"line":13,"column":29}},"8":{"start":{"line":15,"column":8},"end":{"line":15,"column":49}},"9":{"start":{"line":18,"column":30},"end":{"line":18,"column":89}},"10":{"start":{"line":19,"column":8},"end":{"line":23,"column":9}},"11":{"start":{"line":20,"column":12},"end":{"line":20,"column":77}},"12":{"start":{"line":21,"column":12},"end":{"line":21,"column":66}},"13":{"start":{"line":22,"column":12},"end":{"line":22,"column":62}},"14":{"start":{"line":26,"column":22},"end":{"line":38,"column":10}},"15":{"start":{"line":40,"column":8},"end":{"line":40,"column":53}},"16":{"start":{"line":43,"column":22},"end":{"line":43,"column":24}},"17":{"start":{"line":46,"column":22},"end":{"line":60,"column":10}},"18":{"start":{"line":61,"column":8},"end":{"line":61,"column":26}},"19":{"start":{"line":64,"column":22},"end":{"line":72,"column":10}},"20":{"start":{"line":73,"column":8},"end":{"line":73,"column":26}},"21":{"start":{"line":76,"column":22},"end":{"line":82,"column":10}},"22":{"start":{"line":83,"column":8},"end":{"line":83,"column":26}},"23":{"start":{"line":86,"column":22},"end":{"line":96,"column":10}},"24":{"start":{"line":97,"column":8},"end":{"line":97,"column":26}},"25":{"start":{"line":100,"column":25},"end":{"line":111,"column":10}},"26":{"start":{"line":112,"column":8},"end":{"line":112,"column":29}},"27":{"start":{"line":115,"column":22},"end":{"line":125,"column":10}},"28":{"start":{"line":126,"column":8},"end":{"line":126,"column":26}},"29":{"start":{"line":129,"column":22},"end":{"line":141,"column":10}},"30":{"start":{"line":142,"column":8},"end":{"line":142,"column":26}},"31":{"start":{"line":145,"column":22},"end":{"line":151,"column":10}},"32":{"start":{"line":152,"column":8},"end":{"line":152,"column":26}},"33":{"start":{"line":155,"column":22},"end":{"line":165,"column":10}},"34":{"start":{"line":166,"column":8},"end":{"line":166,"column":26}},"35":{"start":{"line":169,"column":22},"end":{"line":179,"column":10}},"36":{"start":{"line":180,"column":8},"end":{"line":180,"column":26}},"37":{"start":{"line":183,"column":23},"end":{"line":192,"column":10}},"38":{"start":{"line":193,"column":8},"end":{"line":193,"column":27}},"39":{"start":{"line":196,"column":23},"end":{"line":208,"column":10}},"40":{"start":{"line":209,"column":8},"end":{"line":209,"column":27}},"41":{"start":{"line":212,"column":23},"end":{"line":226,"column":10}},"42":{"start":{"line":227,"column":8},"end":{"line":227,"column":27}},"43":{"start":{"line":230,"column":23},"end":{"line":239,"column":10}},"44":{"start":{"line":240,"column":8},"end":{"line":240,"column":27}},"45":{"start":{"line":243,"column":23},"end":{"line":257,"column":10}},"46":{"start":{"line":258,"column":8},"end":{"line":258,"column":27}},"47":{"start":{"line":261,"column":23},"end":{"line":269,"column":10}},"48":{"start":{"line":270,"column":8},"end":{"line":270,"column":27}},"49":{"start":{"line":273,"column":23},"end":{"line":281,"column":10}},"50":{"start":{"line":282,"column":8},"end":{"line":282,"column":27}},"51":{"start":{"line":285,"column":23},"end":{"line":297,"column":10}},"52":{"start":{"line":298,"column":8},"end":{"line":298,"column":27}},"53":{"start":{"line":301,"column":26},"end":{"line":311,"column":10}},"54":{"start":{"line":312,"column":8},"end":{"line":312,"column":30}},"55":{"start":{"line":315,"column":23},"end":{"line":325,"column":10}},"56":{"start":{"line":326,"column":8},"end":{"line":326,"column":27}},"57":{"start":{"line":329,"column":23},"end":{"line":341,"column":10}},"58":{"start":{"line":342,"column":8},"end":{"line":342,"column":27}},"59":{"start":{"line":345,"column":23},"end":{"line":353,"column":10}},"60":{"start":{"line":354,"column":8},"end":{"line":354,"column":27}},"61":{"start":{"line":357,"column":26},"end":{"line":372,"column":10}},"62":{"start":{"line":373,"column":8},"end":{"line":373,"column":30}},"63":{"start":{"line":376,"column":23},"end":{"line":392,"column":10}},"64":{"start":{"line":393,"column":8},"end":{"line":393,"column":27}},"65":{"start":{"line":396,"column":23},"end":{"line":411,"column":10}},"66":{"start":{"line":412,"column":8},"end":{"line":412,"column":27}},"67":{"start":{"line":416,"column":31},"end":{"line":427,"column":10}},"68":{"start":{"line":428,"column":8},"end":{"line":428,"column":35}},"69":{"start":{"line":430,"column":32},"end":{"line":441,"column":10}},"70":{"start":{"line":442,"column":8},"end":{"line":442,"column":36}},"71":{"start":{"line":444,"column":31},"end":{"line":455,"column":10}},"72":{"start":{"line":456,"column":8},"end":{"line":456,"column":35}},"73":{"start":{"line":458,"column":30},"end":{"line":469,"column":10}},"74":{"start":{"line":470,"column":8},"end":{"line":470,"column":34}},"75":{"start":{"line":472,"column":8},"end":{"line":472,"column":55}},"76":{"start":{"line":475,"column":8},"end":{"line":475,"column":44}},"77":{"start":{"line":478,"column":8},"end":{"line":484,"column":11}},"78":{"start":{"line":487,"column":8},"end":{"line":496,"column":11}},"79":{"start":{"line":499,"column":8},"end":{"line":508,"column":11}},"80":{"start":{"line":511,"column":8},"end":{"line":520,"column":11}},"81":{"start":{"line":523,"column":8},"end":{"line":527,"column":11}},"82":{"start":{"line":530,"column":8},"end":{"line":538,"column":11}},"83":{"start":{"line":541,"column":8},"end":{"line":551,"column":11}},"84":{"start":{"line":554,"column":8},"end":{"line":563,"column":11}},"85":{"start":{"line":566,"column":8},"end":{"line":571,"column":11}},"86":{"start":{"line":574,"column":8},"end":{"line":583,"column":11}},"87":{"start":{"line":586,"column":8},"end":{"line":592,"column":11}},"88":{"start":{"line":595,"column":8},"end":{"line":599,"column":11}},"89":{"start":{"line":602,"column":8},"end":{"line":609,"column":11}},"90":{"start":{"line":612,"column":8},"end":{"line":620,"column":11}},"91":{"start":{"line":623,"column":8},"end":{"line":630,"column":11}},"92":{"start":{"line":633,"column":8},"end":{"line":638,"column":11}},"93":{"start":{"line":641,"column":8},"end":{"line":647,"column":11}},"94":{"start":{"line":650,"column":8},"end":{"line":656,"column":11}},"95":{"start":{"line":659,"column":8},"end":{"line":663,"column":11}},"96":{"start":{"line":666,"column":8},"end":{"line":673,"column":11}},"97":{"start":{"line":676,"column":8},"end":{"line":683,"column":11}},"98":{"start":{"line":686,"column":8},"end":{"line":696,"column":11}},"99":{"start":{"line":698,"column":8},"end":{"line":698,"column":43}},"100":{"start":{"line":701,"column":8},"end":{"line":703,"column":11}},"101":{"start":{"line":705,"column":8},"end":{"line":705,"column":47}},"102":{"start":{"line":707,"column":8},"end":{"line":707,"column":55}},"103":{"start":{"line":708,"column":8},"end":{"line":708,"column":49}},"104":{"start":{"line":709,"column":8},"end":{"line":709,"column":55}},"105":{"start":{"line":710,"column":8},"end":{"line":710,"column":51}},"106":{"start":{"line":712,"column":8},"end":{"line":712,"column":24}},"107":{"start":{"line":715,"column":8},"end":{"line":715,"column":55}},"108":{"start":{"line":716,"column":8},"end":{"line":716,"column":24}},"109":{"start":{"line":720,"column":0},"end":{"line":720,"column":16}}},"fnMap":{"0":{"name":"seedMainStory","decl":{"start":{"line":11,"column":15},"end":{"line":11,"column":28}},"loc":{"start":{"line":11,"column":28},"end":{"line":718,"column":1}}}},"branchMap":{"0":{"loc":{"start":{"line":19,"column":8},"end":{"line":23,"column":9}},"type":"if","locations":[{"start":{"line":19,"column":8},"end":{"line":23,"column":9}}]}},"s":{"0":0,"1":0,"2":0,"3":0,"4":0,"5":0,"6":0,"7":0,"8":0,"9":0,"10":0,"11":0,"12":0,"13":0,"14":0,"15":0,"16":0,"17":0,"18":0,"19":0,"20":0,"21":0,"22":0,"23":0,"24":0,"25":0,"26":0,"27":0,"28":0,"29":0,"30":0,"31":0,"32":0,"33":0,"34":0,"35":0,"36":0,"37":0,"38":0,"39":0,"40":0,"41":0,"42":0,"43":0,"44":0,"45":0,"46":0,"47":0,"48":0,"49":0,"50":0,"51":0,"52":0,"53":0,"54":0,"55":0,"56":0,"57":0,"58":0,"59":0,"60":0,"61":0,"62":0,"63":0,"64":0,"65":0,"66":0,"67":0,"68":0,"69":0,"70":0,"71":0,"72":0,"73":0,"74":0,"75":0,"76":0,"77":0,"78":0,"79":0,"80":0,"81":0,"82":0,"83":0,"84":0,"85":0,"86":0,"87":0,"88":0,"89":0,"90":0,"91":0,"92":0,"93":0,"94":0,"95":0,"96":0,"97":0,"98":0,"99":0,"100":0,"101":0,"102":0,"103":0,"104":0,"105":0,"106":0,"107":0,"108":0,"109":0},"f":{"0":0},"b":{"0":[0]}}
,"/Users/utilisateur/Ecole/RpgBook/NAHB-BackEnd/src/utils/constants.ts": {"path":"/Users/utilisateur/Ecole/RpgBook/NAHB-BackEnd/src/utils/constants.ts","statementMap":{"0":{"start":{"line":1,"column":13},"end":{"line":1,"column":69}}},"fnMap":{},"branchMap":{"0":{"loc":{"start":{"line":1,"column":26},"end":{"line":1,"column":68}},"type":"binary-expr","locations":[{"start":{"line":1,"column":26},"end":{"line":1,"column":48}},{"start":{"line":1,"column":52},"end":{"line":1,"column":68}}]}},"s":{"0":0},"f":{},"b":{"0":[0,0]}}
}
