TN:
SF:src/controllers/adminController.ts
FN:9,(anonymous_1)
FN:26,(anonymous_2)
FN:60,(anonymous_3)
FN:95,(anonymous_4)
FN:116,(anonymous_5)
FN:150,(anonymous_6)
FN:184,(anonymous_7)
FN:262,(anonymous_8)
FNF:8
FNH:0
FNDA:0,(anonymous_1)
FNDA:0,(anonymous_2)
FNDA:0,(anonymous_3)
FNDA:0,(anonymous_4)
FNDA:0,(anonymous_5)
FNDA:0,(anonymous_6)
FNDA:0,(anonymous_7)
FNDA:0,(anonymous_8)
DA:2,0
DA:3,0
DA:4,0
DA:5,0
DA:6,0
DA:9,0
DA:11,0
DA:13,0
DA:14,0
DA:15,0
DA:16,0
DA:18,0
DA:20,0
DA:21,0
DA:26,0
DA:27,0
DA:29,0
DA:30,0
DA:31,0
DA:33,0
DA:34,0
DA:37,0
DA:44,0
DA:54,0
DA:55,0
DA:60,0
DA:61,0
DA:62,0
DA:64,0
DA:65,0
DA:66,0
DA:67,0
DA:71,0
DA:72,0
DA:76,0
DA:77,0
DA:80,0
DA:81,0
DA:87,0
DA:89,0
DA:90,0
DA:95,0
DA:96,0
DA:97,0
DA:99,0
DA:100,0
DA:101,0
DA:102,0
DA:105,0
DA:106,0
DA:108,0
DA:110,0
DA:111,0
DA:116,0
DA:117,0
DA:119,0
DA:120,0
DA:121,0
DA:122,0
DA:125,0
DA:127,0
DA:132,0
DA:134,0
DA:144,0
DA:145,0
DA:150,0
DA:152,0
DA:153,0
DA:154,0
DA:156,0
DA:157,0
DA:158,0
DA:161,0
DA:162,0
DA:172,0
DA:173,0
DA:176,0
DA:178,0
DA:179,0
DA:184,0
DA:185,0
DA:187,0
DA:188,0
DA:194,0
DA:195,0
DA:200,0
DA:201,0
DA:206,0
DA:217,0
DA:218,0
DA:221,0
DA:231,0
DA:256,0
DA:257,0
DA:262,0
DA:263,0
DA:265,0
DA:266,0
DA:267,0
DA:268,0
DA:270,0
DA:271,0
DA:274,0
DA:276,0
DA:281,0
DA:283,0
DA:293,0
DA:294,0
LF:108
LH:0
BRDA:15,0,0,0
BRDA:15,1,0,0
BRDA:15,1,1,0
BRDA:27,2,0,0
BRDA:27,3,0,0
BRDA:33,4,0,0
BRDA:66,5,0,0
BRDA:71,6,0,0
BRDA:76,7,0,0
BRDA:76,7,1,0
BRDA:80,8,0,0
BRDA:87,9,0,0
BRDA:87,9,1,0
BRDA:101,10,0,0
BRDA:105,11,0,0
BRDA:105,11,1,0
BRDA:108,12,0,0
BRDA:108,12,1,0
BRDA:117,13,0,0
BRDA:117,14,0,0
BRDA:121,15,0,0
BRDA:157,16,0,0
BRDA:172,17,0,0
BRDA:239,18,0,0
BRDA:239,18,1,0
BRDA:240,19,0,0
BRDA:240,19,1,0
BRDA:251,20,0,0
BRDA:251,20,1,0
BRDA:252,21,0,0
BRDA:252,21,1,0
BRDA:263,22,0,0
BRDA:263,23,0,0
BRDA:267,24,0,0
BRDA:270,25,0,0
BRF:35
BRH:0
end_of_record
TN:
SF:src/controllers/authController.ts
FN:7,(anonymous_1)
FN:27,(anonymous_2)
FN:45,(anonymous_3)
FNF:3
FNH:0
FNDA:0,(anonymous_1)
FNDA:0,(anonymous_2)
FNDA:0,(anonymous_3)
DA:2,0
DA:3,0
DA:4,0
DA:5,0
DA:7,0
DA:8,0
DA:9,0
DA:10,0
DA:12,0
DA:13,0
DA:14,0
DA:15,0
DA:17,0
DA:18,0
DA:19,0
DA:20,0
DA:22,0
DA:23,0
DA:27,0
DA:28,0
DA:29,0
DA:30,0
DA:32,0
DA:33,0
DA:34,0
DA:35,0
DA:36,0
DA:37,0
DA:38,0
DA:40,0
DA:41,0
DA:45,0
DA:47,0
DA:48,0
DA:49,0
DA:50,0
LF:36
LH:0
BRDA:9,0,0,0
BRDA:9,1,0,0
BRDA:9,1,1,0
BRDA:9,1,2,0
BRDA:14,2,0,0
BRDA:29,3,0,0
BRDA:29,4,0,0
BRDA:29,4,1,0
BRDA:34,5,0,0
BRDA:36,6,0,0
BRDA:49,7,0,0
BRF:11
BRH:0
end_of_record
TN:
SF:src/controllers/gameController.ts
FN:9,(anonymous_0)
FN:54,(anonymous_1)
FN:97,(anonymous_2)
FN:109,(anonymous_3)
FN:127,(anonymous_4)
FN:214,(anonymous_5)
FN:234,(anonymous_6)
FN:235,(anonymous_7)
FN:236,(anonymous_8)
FN:240,(anonymous_9)
FNF:10
FNH:0
FNDA:0,(anonymous_0)
FNDA:0,(anonymous_1)
FNDA:0,(anonymous_2)
FNDA:0,(anonymous_3)
FNDA:0,(anonymous_4)
FNDA:0,(anonymous_5)
FNDA:0,(anonymous_6)
FNDA:0,(anonymous_7)
FNDA:0,(anonymous_8)
FNDA:0,(anonymous_9)
DA:2,0
DA:3,0
DA:4,0
DA:9,0
DA:11,0
DA:12,0
DA:13,0
DA:14,0
DA:15,0
DA:16,0
DA:19,0
DA:20,0
DA:21,0
DA:22,0
DA:26,0
DA:27,0
DA:31,0
DA:41,0
DA:42,0
DA:43,0
DA:46,0
DA:48,0
DA:49,0
DA:54,0
DA:56,0
DA:57,0
DA:58,0
DA:59,0
DA:60,0
DA:61,0
DA:62,0
DA:64,0
DA:65,0
DA:66,0
DA:67,0
DA:69,0
DA:71,0
DA:72,0
DA:74,0
DA:75,0
DA:76,0
DA:79,0
DA:80,0
DA:81,0
DA:82,0
DA:83,0
DA:84,0
DA:85,0
DA:89,0
DA:90,0
DA:92,0
DA:93,0
DA:97,0
DA:99,0
DA:100,0
DA:101,0
DA:102,0
DA:104,0
DA:105,0
DA:109,0
DA:110,0
DA:112,0
DA:113,0
DA:114,0
DA:115,0
DA:116,0
DA:117,0
DA:119,0
DA:121,0
DA:122,0
DA:127,0
DA:128,0
DA:130,0
DA:132,0
DA:133,0
DA:134,0
DA:135,0
DA:136,0
DA:140,0
DA:141,0
DA:144,0
DA:150,0
DA:153,0
DA:154,0
DA:155,0
DA:156,0
DA:157,0
DA:162,0
DA:167,0
DA:168,0
DA:170,0
DA:171,0
DA:172,0
DA:173,0
DA:174,0
DA:178,0
DA:179,0
DA:186,0
DA:187,0
DA:194,0
DA:208,0
DA:209,0
DA:214,0
DA:215,0
DA:217,0
DA:219,0
DA:220,0
DA:221,0
DA:224,0
DA:225,0
DA:229,0
DA:234,0
DA:235,0
DA:236,0
DA:239,0
DA:240,0
DA:244,0
DA:245,0
DA:246,0
DA:247,0
DA:248,0
DA:249,0
DA:254,0
DA:258,0
DA:270,0
DA:271,0
LF:126
LH:0
BRDA:15,0,0,0
BRDA:16,1,0,0
BRDA:20,2,0,0
BRDA:20,2,1,0
BRDA:21,3,0,0
BRDA:26,4,0,0
BRDA:41,5,0,0
BRDA:60,6,0,0
BRDA:61,7,0,0
BRDA:65,8,0,0
BRDA:66,9,0,0
BRDA:66,10,0,0
BRDA:66,10,1,0
BRDA:75,11,0,0
BRDA:75,12,0,0
BRDA:75,12,1,0
BRDA:79,13,0,0
BRDA:81,14,0,0
BRDA:83,15,0,0
BRDA:83,15,1,0
BRDA:84,16,0,0
BRDA:84,16,1,0
BRDA:115,17,0,0
BRDA:116,18,0,0
BRDA:134,19,0,0
BRDA:135,20,0,0
BRDA:156,21,0,0
BRDA:162,22,0,0
BRDA:162,22,1,0
BRDA:172,23,0,0
BRDA:172,24,0,0
BRDA:172,24,1,0
BRDA:173,25,0,0
BRDA:173,25,1,0
BRDA:174,26,0,0
BRDA:174,26,1,0
BRDA:187,27,0,0
BRDA:187,27,1,0
BRDA:189,28,0,0
BRDA:189,28,1,0
BRDA:190,29,0,0
BRDA:190,29,1,0
BRDA:190,30,0,0
BRDA:190,30,1,0
BRDA:221,31,0,0
BRDA:224,32,0,0
BRDA:239,33,0,0
BRDA:239,33,1,0
BRDA:247,34,0,0
BRDA:247,35,0,0
BRDA:247,35,1,0
BRDA:248,36,0,0
BRDA:248,36,1,0
BRDA:249,37,0,0
BRDA:249,37,1,0
BRDA:254,38,0,0
BRDA:254,38,1,0
BRF:57
BRH:0
end_of_record
TN:
SF:src/controllers/pageController.ts
FN:7,(anonymous_1)
FN:12,(anonymous_2)
FN:37,(anonymous_3)
FN:48,(anonymous_4)
FN:60,(anonymous_5)
FN:86,(anonymous_6)
FN:106,(anonymous_7)
FNF:7
FNH:0
FNDA:0,(anonymous_1)
FNDA:0,(anonymous_2)
FNDA:0,(anonymous_3)
FNDA:0,(anonymous_4)
FNDA:0,(anonymous_5)
FNDA:0,(anonymous_6)
FNDA:0,(anonymous_7)
DA:2,0
DA:3,0
DA:4,0
DA:7,0
DA:8,0
DA:9,0
DA:12,0
DA:14,0
DA:15,0
DA:16,0
DA:17,0
DA:18,0
DA:19,0
DA:20,0
DA:22,0
DA:30,0
DA:32,0
DA:33,0
DA:37,0
DA:38,0
DA:39,0
DA:40,0
DA:41,0
DA:43,0
DA:44,0
DA:48,0
DA:49,0
DA:50,0
DA:51,0
DA:52,0
DA:53,0
DA:55,0
DA:56,0
DA:60,0
DA:62,0
DA:63,0
DA:64,0
DA:65,0
DA:66,0
DA:67,0
DA:68,0
DA:69,0
DA:70,0
DA:71,0
DA:73,0
DA:74,0
DA:75,0
DA:76,0
DA:77,0
DA:78,0
DA:79,0
DA:81,0
DA:82,0
DA:86,0
DA:88,0
DA:89,0
DA:90,0
DA:91,0
DA:92,0
DA:93,0
DA:94,0
DA:95,0
DA:96,0
DA:98,0
DA:99,0
DA:101,0
DA:102,0
DA:106,0
DA:108,0
DA:109,0
DA:110,0
DA:111,0
DA:112,0
DA:113,0
DA:114,0
DA:116,0
DA:117,0
DA:118,0
DA:120,0
DA:121,0
LF:80
LH:0
BRDA:9,0,0,0
BRDA:9,0,1,0
BRDA:18,1,0,0
BRDA:19,2,0,0
BRDA:52,3,0,0
BRDA:67,4,0,0
BRDA:69,5,0,0
BRDA:70,6,0,0
BRDA:73,7,0,0
BRDA:74,8,0,0
BRDA:75,9,0,0
BRDA:76,10,0,0
BRDA:77,11,0,0
BRDA:92,12,0,0
BRDA:94,13,0,0
BRDA:95,14,0,0
BRDA:112,15,0,0
BRDA:113,16,0,0
BRF:18
BRH:0
end_of_record
TN:
SF:src/controllers/ratingController.ts
FN:6,(anonymous_0)
FN:41,(anonymous_1)
FN:89,(anonymous_2)
FN:104,(anonymous_3)
FNF:4
FNH:0
FNDA:0,(anonymous_0)
FNDA:0,(anonymous_1)
FNDA:0,(anonymous_2)
FNDA:0,(anonymous_3)
DA:2,0
DA:3,0
DA:6,0
DA:8,0
DA:9,0
DA:10,0
DA:12,0
DA:13,0
DA:16,0
DA:18,0
DA:19,0
DA:20,0
DA:22,0
DA:23,0
DA:27,0
DA:33,0
DA:35,0
DA:36,0
DA:41,0
DA:42,0
DA:43,0
DA:45,0
DA:46,0
DA:48,0
DA:53,0
DA:56,0
DA:67,0
DA:69,0
DA:83,0
DA:84,0
DA:89,0
DA:91,0
DA:92,0
DA:94,0
DA:95,0
DA:96,0
DA:98,0
DA:99,0
DA:104,0
DA:106,0
DA:107,0
DA:109,0
DA:110,0
DA:111,0
DA:112,0
DA:114,0
DA:116,0
DA:117,0
LF:48
LH:0
BRDA:12,0,0,0
BRDA:12,1,0,0
BRDA:12,1,1,0
BRDA:12,1,2,0
BRDA:19,2,0,0
BRDA:22,3,0,0
BRDA:43,4,0,0
BRDA:43,5,0,0
BRDA:67,6,0,0
BRDA:67,6,1,0
BRDA:96,7,0,0
BRDA:96,7,1,0
BRDA:111,8,0,0
BRF:13
BRH:0
end_of_record
TN:
SF:src/controllers/reportController.ts
FN:6,(anonymous_0)
FN:53,(anonymous_1)
FNF:2
FNH:0
FNDA:0,(anonymous_0)
FNDA:0,(anonymous_1)
DA:2,0
DA:3,0
DA:6,0
DA:8,0
DA:9,0
DA:10,0
DA:12,0
DA:13,0
DA:14,0
DA:19,0
DA:21,0
DA:22,0
DA:23,0
DA:27,0
DA:33,0
DA:34,0
DA:37,0
DA:45,0
DA:47,0
DA:48,0
DA:53,0
DA:55,0
DA:57,0
DA:58,0
DA:60,0
DA:62,0
DA:63,0
LF:27
LH:0
BRDA:13,0,0,0
BRDA:13,1,0,0
BRDA:13,1,1,0
BRDA:22,2,0,0
BRDA:33,3,0,0
BRF:5
BRH:0
end_of_record
TN:
SF:src/controllers/storyController.ts
FN:6,(anonymous_1)
FN:11,(anonymous_2)
FN:32,(anonymous_3)
FN:44,(anonymous_4)
FN:56,(anonymous_5)
FN:80,(anonymous_6)
FN:98,(anonymous_7)
FNF:7
FNH:0
FNDA:0,(anonymous_1)
FNDA:0,(anonymous_2)
FNDA:0,(anonymous_3)
FNDA:0,(anonymous_4)
FNDA:0,(anonymous_5)
FNDA:0,(anonymous_6)
FNDA:0,(anonymous_7)
DA:2,0
DA:3,0
DA:6,0
DA:7,0
DA:8,0
DA:11,0
DA:13,0
DA:14,0
DA:15,0
DA:16,0
DA:25,0
DA:27,0
DA:28,0
DA:32,0
DA:34,0
DA:35,0
DA:36,0
DA:37,0
DA:39,0
DA:40,0
DA:44,0
DA:45,0
DA:46,0
DA:47,0
DA:48,0
DA:49,0
DA:51,0
DA:52,0
DA:56,0
DA:58,0
DA:59,0
DA:60,0
DA:61,0
DA:62,0
DA:63,0
DA:64,0
DA:65,0
DA:67,0
DA:68,0
DA:69,0
DA:70,0
DA:71,0
DA:72,0
DA:73,0
DA:75,0
DA:76,0
DA:80,0
DA:82,0
DA:83,0
DA:84,0
DA:85,0
DA:86,0
DA:87,0
DA:88,0
DA:90,0
DA:91,0
DA:93,0
DA:94,0
DA:98,0
DA:99,0
DA:100,0
DA:101,0
DA:102,0
DA:103,0
DA:105,0
DA:106,0
DA:108,0
DA:109,0
LF:68
LH:0
BRDA:8,0,0,0
BRDA:8,0,1,0
BRDA:48,1,0,0
BRDA:63,2,0,0
BRDA:64,3,0,0
BRDA:67,4,0,0
BRDA:68,5,0,0
BRDA:69,6,0,0
BRDA:70,7,0,0
BRDA:71,8,0,0
BRDA:86,9,0,0
BRDA:87,10,0,0
BRDA:102,11,0,0
BRF:13
BRH:0
end_of_record
TN:
SF:src/middleware/auth.ts
FN:5,(anonymous_1)
FN:22,(anonymous_2)
FN:23,(anonymous_3)
FNF:3
FNH:0
FNDA:0,(anonymous_1)
FNDA:0,(anonymous_2)
FNDA:0,(anonymous_3)
DA:2,0
DA:3,0
DA:5,0
DA:6,0
DA:7,0
DA:8,0
DA:10,0
DA:11,0
DA:12,0
DA:14,0
DA:15,0
DA:16,0
DA:18,0
DA:22,0
DA:23,0
DA:24,0
DA:25,0
DA:26,0
DA:28,0
LF:19
LH:0
BRDA:7,0,0,0
BRDA:7,1,0,0
BRDA:7,1,1,0
BRDA:25,2,0,0
BRDA:25,3,0,0
BRDA:25,3,1,0
BRF:6
BRH:0
end_of_record
TN:
SF:src/models/GameSession.ts
FNF:0
FNH:0
DA:1,1
DA:16,1
DA:33,1
DA:34,1
DA:35,1
DA:37,1
LF:6
LH:6
BRF:0
BRH:0
end_of_record
TN:
SF:src/models/Page.ts
FNF:0
FNH:0
DA:1,2
DA:19,2
DA:25,2
DA:34,2
LF:4
LH:4
BRF:0
BRH:0
end_of_record
TN:
SF:src/models/Rating.ts
FNF:0
FNH:0
DA:1,1
DA:12,1
DA:25,1
DA:27,1
LF:4
LH:4
BRF:0
BRH:0
end_of_record
TN:
SF:src/models/Report.ts
FNF:0
FNH:0
DA:1,1
DA:18,1
DA:42,1
DA:43,1
DA:44,1
DA:46,1
LF:6
LH:6
BRF:0
BRH:0
end_of_record
TN:
SF:src/models/Story.ts
FNF:0
FNH:0
DA:1,5
DA:18,5
DA:33,5
LF:3
LH:3
BRF:0
BRH:0
end_of_record
TN:
SF:src/models/User.ts
FNF:0
FNH:0
DA:1,0
DA:2,0
DA:14,0
DA:22,0
DA:55,0
LF:5
LH:0
BRF:0
BRH:0
end_of_record
TN:
SF:src/routes/adminRoutes.ts
FNF:0
FNH:0
DA:1,0
DA:2,0
DA:3,0
DA:14,0
DA:17,0
DA:18,0
DA:21,0
DA:22,0
DA:25,0
DA:26,0
DA:29,0
DA:30,0
DA:33,0
DA:35,0
LF:14
LH:0
BRF:0
BRH:0
end_of_record
TN:
SF:src/routes/authRoutes.ts
FNF:0
FNH:0
DA:1,0
DA:2,0
DA:3,0
DA:5,0
DA:7,0
DA:8,0
DA:9,0
DA:11,0
LF:8
LH:0
BRF:0
BRH:0
end_of_record
TN:
SF:src/routes/gameRoutes.ts
FNF:0
FNH:0
DA:1,0
DA:2,0
DA:3,0
DA:5,0
DA:7,0
DA:8,0
DA:9,0
DA:10,0
DA:11,0
DA:12,0
DA:14,0
LF:11
LH:0
BRF:0
BRH:0
end_of_record
TN:
SF:src/routes/pageRoutes.ts
FNF:0
FNH:0
DA:1,0
DA:2,0
DA:10,0
DA:12,0
DA:15,0
DA:16,0
DA:17,0
DA:18,0
DA:21,0
DA:22,0
DA:24,0
LF:11
LH:0
BRF:0
BRH:0
end_of_record
TN:
SF:src/routes/ratingRoutes.ts
FNF:0
FNH:0
DA:1,0
DA:2,0
DA:3,0
DA:10,0
DA:13,0
DA:16,0
DA:19,0
DA:22,0
DA:24,0
LF:9
LH:0
BRF:0
BRH:0
end_of_record
TN:
SF:src/routes/reportRoutes.ts
FNF:0
FNH:0
DA:1,0
DA:2,0
DA:3,0
DA:5,0
DA:8,0
DA:11,0
DA:13,0
LF:7
LH:0
BRF:0
BRH:0
end_of_record
TN:
SF:src/routes/storyRoutes.ts
FNF:0
FNH:0
DA:1,0
DA:2,0
DA:10,0
DA:12,0
DA:15,0
DA:16,0
DA:17,0
DA:18,0
DA:21,0
DA:22,0
DA:24,0
LF:11
LH:0
BRF:0
BRH:0
end_of_record
TN:
SF:src/scripts/seedMainStory.ts
FN:11,seedMainStory
FNF:1
FNH:0
FNDA:0,seedMainStory
DA:2,0
DA:3,0
DA:4,0
DA:5,0
DA:7,0
DA:9,0
DA:12,0
DA:13,0
DA:15,0
DA:18,0
DA:19,0
DA:20,0
DA:21,0
DA:22,0
DA:26,0
DA:40,0
DA:43,0
DA:46,0
DA:61,0
DA:64,0
DA:73,0
DA:76,0
DA:83,0
DA:86,0
DA:97,0
DA:100,0
DA:112,0
DA:115,0
DA:126,0
DA:129,0
DA:142,0
DA:145,0
DA:152,0
DA:155,0
DA:166,0
DA:169,0
DA:180,0
DA:183,0
DA:193,0
DA:196,0
DA:209,0
DA:212,0
DA:227,0
DA:230,0
DA:240,0
DA:243,0
DA:258,0
DA:261,0
DA:270,0
DA:273,0
DA:282,0
DA:285,0
DA:298,0
DA:301,0
DA:312,0
DA:315,0
DA:326,0
DA:329,0
DA:342,0
DA:345,0
DA:354,0
DA:357,0
DA:373,0
DA:376,0
DA:393,0
DA:396,0
DA:412,0
DA:416,0
DA:428,0
DA:430,0
DA:442,0
DA:444,0
DA:456,0
DA:458,0
DA:470,0
DA:472,0
DA:475,0
DA:478,0
DA:487,0
DA:499,0
DA:511,0
DA:523,0
DA:530,0
DA:541,0
DA:554,0
DA:566,0
DA:574,0
DA:586,0
DA:595,0
DA:602,0
DA:612,0
DA:623,0
DA:633,0
DA:641,0
DA:650,0
DA:659,0
DA:666,0
DA:676,0
DA:686,0
DA:698,0
DA:701,0
DA:705,0
DA:707,0
DA:708,0
DA:709,0
DA:710,0
DA:712,0
DA:715,0
DA:716,0
DA:720,0
LF:110
LH:0
BRDA:19,0,0,0
BRF:1
BRH:0
end_of_record
TN:
SF:src/utils/constants.ts
FNF:0
FNH:0
DA:1,0
LF:1
LH:0
BRDA:1,0,0,0
BRDA:1,0,1,0
BRF:2
BRH:0
end_of_record
